{"/home/enunez/Projects/e2i_causal_analytics/frontend/src/api/digital-twin.ts": {"path":"/home/enunez/Projects/e2i_causal_analytics/frontend/src/api/digital-twin.ts","statementMap":{"0":{"start":{"line":30,"column":26},"end":{"line":30,"column":null}},"1":{"start":{"line":59,"column":2},"end":{"line":62,"column":null}},"2":{"start":{"line":86,"column":2},"end":{"line":89,"column":null}},"3":{"start":{"line":101,"column":2},"end":{"line":101,"column":null}},"4":{"start":{"line":125,"column":23},"end":{"line":125,"column":null}},"5":{"start":{"line":126,"column":2},"end":{"line":126,"column":null}},"6":{"start":{"line":126,"column":21},"end":{"line":126,"column":null}},"7":{"start":{"line":127,"column":2},"end":{"line":127,"column":null}},"8":{"start":{"line":127,"column":33},"end":{"line":127,"column":null}},"9":{"start":{"line":128,"column":2},"end":{"line":128,"column":null}},"10":{"start":{"line":128,"column":21},"end":{"line":128,"column":null}},"11":{"start":{"line":129,"column":2},"end":{"line":129,"column":null}},"12":{"start":{"line":129,"column":22},"end":{"line":129,"column":null}},"13":{"start":{"line":131,"column":22},"end":{"line":131,"column":null}},"14":{"start":{"line":132,"column":14},"end":{"line":134,"column":null}},"15":{"start":{"line":136,"column":2},"end":{"line":136,"column":null}},"16":{"start":{"line":149,"column":2},"end":{"line":149,"column":null}}},"fnMap":{"0":{"name":"runSimulation","decl":{"start":{"line":56,"column":22},"end":{"line":56,"column":null}},"loc":{"start":{"line":58,"column":31},"end":{"line":63,"column":null}},"line":58},"1":{"name":"compareScenarios","decl":{"start":{"line":83,"column":22},"end":{"line":83,"column":null}},"loc":{"start":{"line":85,"column":37},"end":{"line":90,"column":null}},"line":85},"2":{"name":"getSimulation","decl":{"start":{"line":98,"column":22},"end":{"line":98,"column":null}},"loc":{"start":{"line":100,"column":31},"end":{"line":102,"column":null}},"line":100},"3":{"name":"getSimulationHistory","decl":{"start":{"line":119,"column":22},"end":{"line":119,"column":43}},"loc":{"start":{"line":124,"column":39},"end":{"line":137,"column":null}},"line":124},"4":{"name":"getDigitalTwinHealth","decl":{"start":{"line":144,"column":22},"end":{"line":144,"column":null}},"loc":{"start":{"line":148,"column":3},"end":{"line":150,"column":null}},"line":148}},"branchMap":{"0":{"loc":{"start":{"line":126,"column":2},"end":{"line":126,"column":null}},"type":"if","locations":[{"start":{"line":126,"column":2},"end":{"line":126,"column":null}},{"start":{},"end":{}}],"line":126},"1":{"loc":{"start":{"line":127,"column":2},"end":{"line":127,"column":null}},"type":"if","locations":[{"start":{"line":127,"column":2},"end":{"line":127,"column":null}},{"start":{},"end":{}}],"line":127},"2":{"loc":{"start":{"line":128,"column":2},"end":{"line":128,"column":null}},"type":"if","locations":[{"start":{"line":128,"column":2},"end":{"line":128,"column":null}},{"start":{},"end":{}}],"line":128},"3":{"loc":{"start":{"line":129,"column":2},"end":{"line":129,"column":null}},"type":"if","locations":[{"start":{"line":129,"column":2},"end":{"line":129,"column":null}},{"start":{},"end":{}}],"line":129},"4":{"loc":{"start":{"line":132,"column":14},"end":{"line":134,"column":null}},"type":"cond-expr","locations":[{"start":{"line":133,"column":6},"end":{"line":133,"column":null}},{"start":{"line":134,"column":6},"end":{"line":134,"column":null}}],"line":132}},"s":{"0":1,"1":0,"2":0,"3":0,"4":0,"5":0,"6":0,"7":0,"8":0,"9":0,"10":0,"11":0,"12":0,"13":0,"14":0,"15":0,"16":0},"f":{"0":0,"1":0,"2":0,"3":0,"4":0},"b":{"0":[0,0],"1":[0,0],"2":[0,0],"3":[0,0],"4":[0,0]},"meta":{"lastBranch":5,"lastFunction":5,"lastStatement":17,"seen":{"s:30:26:30:Infinity":0,"f:56:22:56:Infinity":0,"s:59:2:62:Infinity":1,"f:83:22:83:Infinity":1,"s:86:2:89:Infinity":2,"f:98:22:98:Infinity":2,"s:101:2:101:Infinity":3,"f:119:22:119:43":3,"s:125:23:125:Infinity":4,"b:126:2:126:Infinity:undefined:undefined:undefined:undefined":0,"s:126:2:126:Infinity":5,"s:126:21:126:Infinity":6,"b:127:2:127:Infinity:undefined:undefined:undefined:undefined":1,"s:127:2:127:Infinity":7,"s:127:33:127:Infinity":8,"b:128:2:128:Infinity:undefined:undefined:undefined:undefined":2,"s:128:2:128:Infinity":9,"s:128:21:128:Infinity":10,"b:129:2:129:Infinity:undefined:undefined:undefined:undefined":3,"s:129:2:129:Infinity":11,"s:129:22:129:Infinity":12,"s:131:22:131:Infinity":13,"s:132:14:134:Infinity":14,"b:133:6:133:Infinity:134:6:134:Infinity":4,"s:136:2:136:Infinity":15,"f:144:22:144:Infinity":4,"s:149:2:149:Infinity":16}}}
,"/home/enunez/Projects/e2i_causal_analytics/frontend/src/api/kpi.ts": {"path":"/home/enunez/Projects/e2i_causal_analytics/frontend/src/api/kpi.ts","statementMap":{"0":{"start":{"line":37,"column":17},"end":{"line":37,"column":null}},"1":{"start":{"line":56,"column":2},"end":{"line":59,"column":null}},"2":{"start":{"line":76,"column":2},"end":{"line":76,"column":null}},"3":{"start":{"line":96,"column":2},"end":{"line":96,"column":null}},"4":{"start":{"line":124,"column":2},"end":{"line":127,"column":null}},"5":{"start":{"line":152,"column":2},"end":{"line":152,"column":null}},"6":{"start":{"line":181,"column":2},"end":{"line":184,"column":null}},"7":{"start":{"line":214,"column":2},"end":{"line":217,"column":null}},"8":{"start":{"line":238,"column":2},"end":{"line":238,"column":null}}},"fnMap":{"0":{"name":"listKPIs","decl":{"start":{"line":55,"column":22},"end":{"line":55,"column":31}},"loc":{"start":{"line":55,"column":81},"end":{"line":60,"column":null}},"line":55},"1":{"name":"getWorkstreams","decl":{"start":{"line":75,"column":22},"end":{"line":75,"column":72}},"loc":{"start":{"line":75,"column":72},"end":{"line":77,"column":null}},"line":75},"2":{"name":"getKPIMetadata","decl":{"start":{"line":95,"column":22},"end":{"line":95,"column":37}},"loc":{"start":{"line":95,"column":74},"end":{"line":97,"column":null}},"line":95},"3":{"name":"getKPIValue","decl":{"start":{"line":119,"column":22},"end":{"line":119,"column":null}},"loc":{"start":{"line":123,"column":22},"end":{"line":128,"column":null}},"line":123},"4":{"name":"calculateKPI","decl":{"start":{"line":149,"column":22},"end":{"line":149,"column":null}},"loc":{"start":{"line":151,"column":22},"end":{"line":153,"column":null}},"line":151},"5":{"name":"batchCalculateKPIs","decl":{"start":{"line":178,"column":22},"end":{"line":178,"column":null}},"loc":{"start":{"line":180,"column":40},"end":{"line":185,"column":null}},"line":180},"6":{"name":"invalidateKPICache","decl":{"start":{"line":211,"column":22},"end":{"line":211,"column":null}},"loc":{"start":{"line":213,"column":38},"end":{"line":218,"column":null}},"line":213},"7":{"name":"getKPIHealth","decl":{"start":{"line":237,"column":22},"end":{"line":237,"column":65}},"loc":{"start":{"line":237,"column":65},"end":{"line":239,"column":null}},"line":237}},"branchMap":{"0":{"loc":{"start":{"line":122,"column":2},"end":{"line":122,"column":null}},"type":"default-arg","locations":[{"start":{"line":122,"column":22},"end":{"line":122,"column":null}}],"line":122}},"s":{"0":1,"1":2,"2":1,"3":1,"4":2,"5":2,"6":2,"7":2,"8":1},"f":{"0":2,"1":1,"2":1,"3":2,"4":2,"5":2,"6":2,"7":1},"b":{"0":[2]},"meta":{"lastBranch":1,"lastFunction":8,"lastStatement":9,"seen":{"s:37:17:37:Infinity":0,"f:55:22:55:31":0,"s:56:2:59:Infinity":1,"f:75:22:75:72":1,"s:76:2:76:Infinity":2,"f:95:22:95:37":2,"s:96:2:96:Infinity":3,"f:119:22:119:Infinity":3,"b:122:22:122:Infinity":0,"s:124:2:127:Infinity":4,"f:149:22:149:Infinity":4,"s:152:2:152:Infinity":5,"f:178:22:178:Infinity":5,"s:181:2:184:Infinity":6,"f:211:22:211:Infinity":6,"s:214:2:217:Infinity":7,"f:237:22:237:65":7,"s:238:2:238:Infinity":8}}}
,"/home/enunez/Projects/e2i_causal_analytics/frontend/src/api/monitoring.ts": {"path":"/home/enunez/Projects/e2i_causal_analytics/frontend/src/api/monitoring.ts","statementMap":{"0":{"start":{"line":51,"column":24},"end":{"line":51,"column":null}},"1":{"start":{"line":80,"column":2},"end":{"line":84,"column":null}},"2":{"start":{"line":104,"column":2},"end":{"line":106,"column":null}},"3":{"start":{"line":126,"column":2},"end":{"line":129,"column":null}},"4":{"start":{"line":150,"column":2},"end":{"line":157,"column":null}},"5":{"start":{"line":182,"column":2},"end":{"line":187,"column":null}},"6":{"start":{"line":203,"column":2},"end":{"line":205,"column":null}},"7":{"start":{"line":228,"column":2},"end":{"line":231,"column":null}},"8":{"start":{"line":255,"column":2},"end":{"line":259,"column":null}},"9":{"start":{"line":285,"column":2},"end":{"line":287,"column":null}},"10":{"start":{"line":317,"column":2},"end":{"line":321,"column":null}},"11":{"start":{"line":345,"column":2},"end":{"line":351,"column":null}},"12":{"start":{"line":373,"column":2},"end":{"line":375,"column":null}},"13":{"start":{"line":401,"column":2},"end":{"line":404,"column":null}},"14":{"start":{"line":428,"column":2},"end":{"line":432,"column":null}},"15":{"start":{"line":458,"column":2},"end":{"line":461,"column":null}},"16":{"start":{"line":488,"column":2},"end":{"line":492,"column":null}},"17":{"start":{"line":510,"column":2},"end":{"line":512,"column":null}},"18":{"start":{"line":535,"column":2},"end":{"line":538,"column":null}},"19":{"start":{"line":561,"column":2},"end":{"line":564,"column":null}},"20":{"start":{"line":579,"column":2},"end":{"line":582,"column":null}}},"fnMap":{"0":{"name":"triggerDriftDetection","decl":{"start":{"line":76,"column":22},"end":{"line":76,"column":null}},"loc":{"start":{"line":79,"column":35},"end":{"line":85,"column":null}},"line":79},"1":{"name":"getDriftDetectionStatus","decl":{"start":{"line":101,"column":22},"end":{"line":101,"column":null}},"loc":{"start":{"line":103,"column":31},"end":{"line":107,"column":null}},"line":103},"2":{"name":"getLatestDriftStatus","decl":{"start":{"line":122,"column":22},"end":{"line":122,"column":null}},"loc":{"start":{"line":125,"column":35},"end":{"line":130,"column":null}},"line":125},"3":{"name":"getDriftHistory","decl":{"start":{"line":147,"column":22},"end":{"line":147,"column":null}},"loc":{"start":{"line":149,"column":33},"end":{"line":158,"column":null}},"line":149},"4":{"name":"listAlerts","decl":{"start":{"line":179,"column":22},"end":{"line":179,"column":null}},"loc":{"start":{"line":181,"column":30},"end":{"line":188,"column":null}},"line":181},"5":{"name":"getAlert","decl":{"start":{"line":202,"column":22},"end":{"line":202,"column":31}},"loc":{"start":{"line":202,"column":68},"end":{"line":206,"column":null}},"line":202},"6":{"name":"updateAlert","decl":{"start":{"line":224,"column":22},"end":{"line":224,"column":null}},"loc":{"start":{"line":227,"column":22},"end":{"line":232,"column":null}},"line":227},"7":{"name":"listMonitoringRuns","decl":{"start":{"line":252,"column":22},"end":{"line":252,"column":null}},"loc":{"start":{"line":254,"column":35},"end":{"line":260,"column":null}},"line":254},"8":{"name":"getModelHealth","decl":{"start":{"line":282,"column":22},"end":{"line":282,"column":null}},"loc":{"start":{"line":284,"column":31},"end":{"line":288,"column":null}},"line":284},"9":{"name":"recordPerformance","decl":{"start":{"line":313,"column":22},"end":{"line":313,"column":null}},"loc":{"start":{"line":316,"column":38},"end":{"line":322,"column":null}},"line":316},"10":{"name":"getPerformanceTrend","decl":{"start":{"line":342,"column":22},"end":{"line":342,"column":null}},"loc":{"start":{"line":344,"column":37},"end":{"line":352,"column":null}},"line":344},"11":{"name":"getPerformanceAlerts","decl":{"start":{"line":370,"column":22},"end":{"line":370,"column":null}},"loc":{"start":{"line":372,"column":38},"end":{"line":376,"column":null}},"line":372},"12":{"name":"compareModelPerformance","decl":{"start":{"line":396,"column":22},"end":{"line":396,"column":null}},"loc":{"start":{"line":400,"column":36},"end":{"line":405,"column":null}},"line":400},"13":{"name":"triggerProductionSweep","decl":{"start":{"line":425,"column":22},"end":{"line":425,"column":null}},"loc":{"start":{"line":427,"column":36},"end":{"line":433,"column":null}},"line":427},"14":{"name":"evaluateRetrainingNeed","decl":{"start":{"line":455,"column":22},"end":{"line":455,"column":null}},"loc":{"start":{"line":457,"column":39},"end":{"line":462,"column":null}},"line":457},"15":{"name":"triggerRetraining","decl":{"start":{"line":483,"column":22},"end":{"line":483,"column":null}},"loc":{"start":{"line":487,"column":34},"end":{"line":493,"column":null}},"line":487},"16":{"name":"getRetrainingStatus","decl":{"start":{"line":507,"column":22},"end":{"line":507,"column":null}},"loc":{"start":{"line":509,"column":34},"end":{"line":513,"column":null}},"line":509},"17":{"name":"completeRetraining","decl":{"start":{"line":531,"column":22},"end":{"line":531,"column":null}},"loc":{"start":{"line":534,"column":34},"end":{"line":539,"column":null}},"line":534},"18":{"name":"rollbackRetraining","decl":{"start":{"line":557,"column":22},"end":{"line":557,"column":null}},"loc":{"start":{"line":560,"column":34},"end":{"line":565,"column":null}},"line":560},"19":{"name":"triggerRetrainingSweep","decl":{"start":{"line":578,"column":22},"end":{"line":578,"column":81}},"loc":{"start":{"line":578,"column":81},"end":{"line":583,"column":null}},"line":578}},"branchMap":{"0":{"loc":{"start":{"line":78,"column":2},"end":{"line":78,"column":null}},"type":"default-arg","locations":[{"start":{"line":78,"column":23},"end":{"line":78,"column":null}}],"line":78},"1":{"loc":{"start":{"line":124,"column":2},"end":{"line":124,"column":null}},"type":"default-arg","locations":[{"start":{"line":124,"column":18},"end":{"line":124,"column":null}}],"line":124},"2":{"loc":{"start":{"line":315,"column":2},"end":{"line":315,"column":null}},"type":"default-arg","locations":[{"start":{"line":315,"column":23},"end":{"line":315,"column":null}}],"line":315},"3":{"loc":{"start":{"line":399,"column":2},"end":{"line":399,"column":null}},"type":"default-arg","locations":[{"start":{"line":399,"column":23},"end":{"line":399,"column":null}}],"line":399},"4":{"loc":{"start":{"line":426,"column":2},"end":{"line":426,"column":null}},"type":"default-arg","locations":[{"start":{"line":426,"column":23},"end":{"line":426,"column":null}}],"line":426},"5":{"loc":{"start":{"line":486,"column":2},"end":{"line":486,"column":null}},"type":"default-arg","locations":[{"start":{"line":486,"column":24},"end":{"line":486,"column":null}}],"line":486}},"s":{"0":1,"1":1,"2":1,"3":1,"4":2,"5":2,"6":1,"7":1,"8":2,"9":1,"10":1,"11":1,"12":1,"13":1,"14":1,"15":1,"16":1,"17":1,"18":1,"19":1,"20":1},"f":{"0":1,"1":1,"2":1,"3":2,"4":2,"5":1,"6":1,"7":2,"8":1,"9":1,"10":1,"11":1,"12":1,"13":1,"14":1,"15":1,"16":1,"17":1,"18":1,"19":1},"b":{"0":[1],"1":[1],"2":[1],"3":[1],"4":[1],"5":[1]},"meta":{"lastBranch":6,"lastFunction":20,"lastStatement":21,"seen":{"s:51:24:51:Infinity":0,"f:76:22:76:Infinity":0,"b:78:23:78:Infinity":0,"s:80:2:84:Infinity":1,"f:101:22:101:Infinity":1,"s:104:2:106:Infinity":2,"f:122:22:122:Infinity":2,"b:124:18:124:Infinity":1,"s:126:2:129:Infinity":3,"f:147:22:147:Infinity":3,"s:150:2:157:Infinity":4,"f:179:22:179:Infinity":4,"s:182:2:187:Infinity":5,"f:202:22:202:31":5,"s:203:2:205:Infinity":6,"f:224:22:224:Infinity":6,"s:228:2:231:Infinity":7,"f:252:22:252:Infinity":7,"s:255:2:259:Infinity":8,"f:282:22:282:Infinity":8,"s:285:2:287:Infinity":9,"f:313:22:313:Infinity":9,"b:315:23:315:Infinity":2,"s:317:2:321:Infinity":10,"f:342:22:342:Infinity":10,"s:345:2:351:Infinity":11,"f:370:22:370:Infinity":11,"s:373:2:375:Infinity":12,"f:396:22:396:Infinity":12,"b:399:23:399:Infinity":3,"s:401:2:404:Infinity":13,"f:425:22:425:Infinity":13,"b:426:23:426:Infinity":4,"s:428:2:432:Infinity":14,"f:455:22:455:Infinity":14,"s:458:2:461:Infinity":15,"f:483:22:483:Infinity":15,"b:486:24:486:Infinity":5,"s:488:2:492:Infinity":16,"f:507:22:507:Infinity":16,"s:510:2:512:Infinity":17,"f:531:22:531:Infinity":17,"s:535:2:538:Infinity":18,"f:557:22:557:Infinity":18,"s:561:2:564:Infinity":19,"f:578:22:578:81":19,"s:579:2:582:Infinity":20}}}
,"/home/enunez/Projects/e2i_causal_analytics/frontend/src/api/predictions.ts": {"path":"/home/enunez/Projects/e2i_causal_analytics/frontend/src/api/predictions.ts","statementMap":{"0":{"start":{"line":31,"column":20},"end":{"line":31,"column":null}},"1":{"start":{"line":61,"column":2},"end":{"line":64,"column":null}},"2":{"start":{"line":89,"column":2},"end":{"line":92,"column":null}},"3":{"start":{"line":116,"column":2},"end":{"line":118,"column":null}},"4":{"start":{"line":137,"column":2},"end":{"line":139,"column":null}},"5":{"start":{"line":160,"column":2},"end":{"line":162,"column":null}}},"fnMap":{"0":{"name":"predict","decl":{"start":{"line":57,"column":22},"end":{"line":57,"column":null}},"loc":{"start":{"line":60,"column":31},"end":{"line":65,"column":null}},"line":60},"1":{"name":"predictBatch","decl":{"start":{"line":85,"column":22},"end":{"line":85,"column":null}},"loc":{"start":{"line":88,"column":36},"end":{"line":93,"column":null}},"line":88},"2":{"name":"getModelHealth","decl":{"start":{"line":113,"column":22},"end":{"line":113,"column":null}},"loc":{"start":{"line":115,"column":32},"end":{"line":119,"column":null}},"line":115},"3":{"name":"getModelInfo","decl":{"start":{"line":134,"column":22},"end":{"line":134,"column":null}},"loc":{"start":{"line":136,"column":30},"end":{"line":140,"column":null}},"line":136},"4":{"name":"getModelsStatus","decl":{"start":{"line":157,"column":22},"end":{"line":157,"column":null}},"loc":{"start":{"line":159,"column":33},"end":{"line":163,"column":null}},"line":159}},"branchMap":{},"s":{"0":1,"1":2,"2":1,"3":1,"4":2,"5":2},"f":{"0":2,"1":1,"2":1,"3":2,"4":2},"b":{},"meta":{"lastBranch":0,"lastFunction":5,"lastStatement":6,"seen":{"s:31:20:31:Infinity":0,"f:57:22:57:Infinity":0,"s:61:2:64:Infinity":1,"f:85:22:85:Infinity":1,"s:89:2:92:Infinity":2,"f:113:22:113:Infinity":2,"s:116:2:118:Infinity":3,"f:134:22:134:Infinity":3,"s:137:2:139:Infinity":4,"f:157:22:157:Infinity":4,"s:160:2:162:Infinity":5}}}
,"/home/enunez/Projects/e2i_causal_analytics/frontend/src/components/chat/ValidationBadge.tsx": {"path":"/home/enunez/Projects/e2i_causal_analytics/frontend/src/components/chat/ValidationBadge.tsx","statementMap":{"0":{"start":{"line":56,"column":2},"end":{"line":84,"column":null}},"1":{"start":{"line":58,"column":6},"end":{"line":65,"column":null}},"2":{"start":{"line":67,"column":6},"end":{"line":74,"column":null}},"3":{"start":{"line":76,"column":6},"end":{"line":83,"column":null}},"4":{"start":{"line":88,"column":2},"end":{"line":107,"column":null}},"5":{"start":{"line":90,"column":6},"end":{"line":94,"column":null}},"6":{"start":{"line":96,"column":6},"end":{"line":100,"column":null}},"7":{"start":{"line":102,"column":6},"end":{"line":106,"column":null}},"8":{"start":{"line":133,"column":17},"end":{"line":133,"column":null}},"9":{"start":{"line":134,"column":22},"end":{"line":134,"column":null}},"10":{"start":{"line":135,"column":21},"end":{"line":135,"column":null}},"11":{"start":{"line":137,"column":25},"end":{"line":137,"column":null}},"12":{"start":{"line":138,"column":23},"end":{"line":138,"column":null}},"13":{"start":{"line":141,"column":4},"end":{"line":159,"column":null}},"14":{"start":{"line":162,"column":2},"end":{"line":173,"column":null}},"15":{"start":{"line":185,"column":2},"end":{"line":185,"column":null}},"16":{"start":{"line":192,"column":2},"end":{"line":192,"column":null}},"17":{"start":{"line":199,"column":2},"end":{"line":199,"column":null}}},"fnMap":{"0":{"name":"getStatusConfig","decl":{"start":{"line":55,"column":9},"end":{"line":55,"column":25}},"loc":{"start":{"line":55,"column":51},"end":{"line":85,"column":null}},"line":55},"1":{"name":"getSizeClasses","decl":{"start":{"line":87,"column":9},"end":{"line":87,"column":24}},"loc":{"start":{"line":87,"column":50},"end":{"line":108,"column":null}},"line":87},"2":{"name":"ValidationBadge","decl":{"start":{"line":124,"column":16},"end":{"line":124,"column":32}},"loc":{"start":{"line":132,"column":25},"end":{"line":175,"column":null}},"line":132},"3":{"name":"ProceedBadge","decl":{"start":{"line":184,"column":16},"end":{"line":184,"column":29}},"loc":{"start":{"line":184,"column":74},"end":{"line":186,"column":null}},"line":184},"4":{"name":"ReviewBadge","decl":{"start":{"line":191,"column":16},"end":{"line":191,"column":28}},"loc":{"start":{"line":191,"column":73},"end":{"line":193,"column":null}},"line":191},"5":{"name":"BlockBadge","decl":{"start":{"line":198,"column":16},"end":{"line":198,"column":27}},"loc":{"start":{"line":198,"column":72},"end":{"line":200,"column":null}},"line":198}},"branchMap":{"0":{"loc":{"start":{"line":56,"column":2},"end":{"line":84,"column":null}},"type":"switch","locations":[{"start":{"line":57,"column":4},"end":{"line":65,"column":null}},{"start":{"line":66,"column":4},"end":{"line":74,"column":null}},{"start":{"line":75,"column":4},"end":{"line":83,"column":null}}],"line":56},"1":{"loc":{"start":{"line":88,"column":2},"end":{"line":107,"column":null}},"type":"switch","locations":[{"start":{"line":89,"column":4},"end":{"line":94,"column":null}},{"start":{"line":95,"column":4},"end":{"line":100,"column":null}},{"start":{"line":101,"column":4},"end":{"line":106,"column":null}}],"line":88},"2":{"loc":{"start":{"line":129,"column":2},"end":{"line":129,"column":null}},"type":"default-arg","locations":[{"start":{"line":129,"column":9},"end":{"line":129,"column":null}}],"line":129},"3":{"loc":{"start":{"line":131,"column":2},"end":{"line":131,"column":null}},"type":"default-arg","locations":[{"start":{"line":131,"column":19},"end":{"line":131,"column":null}}],"line":131},"4":{"loc":{"start":{"line":137,"column":25},"end":{"line":137,"column":null}},"type":"binary-expr","locations":[{"start":{"line":137,"column":25},"end":{"line":137,"column":40}},{"start":{"line":137,"column":40},"end":{"line":137,"column":null}}],"line":137},"5":{"loc":{"start":{"line":138,"column":23},"end":{"line":138,"column":null}},"type":"binary-expr","locations":[{"start":{"line":138,"column":23},"end":{"line":138,"column":32}},{"start":{"line":138,"column":32},"end":{"line":138,"column":null}}],"line":138},"6":{"loc":{"start":{"line":156,"column":7},"end":{"line":157,"column":null}},"type":"binary-expr","locations":[{"start":{"line":156,"column":7},"end":{"line":156,"column":25}},{"start":{"line":156,"column":25},"end":{"line":156,"column":null}},{"start":{"line":157,"column":8},"end":{"line":157,"column":null}}],"line":156}},"s":{"0":12,"1":8,"2":2,"3":2,"4":12,"5":1,"6":10,"7":1,"8":13,"9":13,"10":13,"11":13,"12":13,"13":13,"14":13,"15":1,"16":1,"17":1},"f":{"0":12,"1":12,"2":13,"3":1,"4":1,"5":1},"b":{"0":[8,2,2],"1":[1,10,1],"2":[13],"3":[13],"4":[13,12],"5":[13,11],"6":[13,11,4]},"meta":{"lastBranch":7,"lastFunction":6,"lastStatement":18,"seen":{"f:55:9:55:25":0,"b:57:4:65:Infinity:66:4:74:Infinity:75:4:83:Infinity":0,"s:56:2:84:Infinity":0,"s:58:6:65:Infinity":1,"s:67:6:74:Infinity":2,"s:76:6:83:Infinity":3,"f:87:9:87:24":1,"b:89:4:94:Infinity:95:4:100:Infinity:101:4:106:Infinity":1,"s:88:2:107:Infinity":4,"s:90:6:94:Infinity":5,"s:96:6:100:Infinity":6,"s:102:6:106:Infinity":7,"f:124:16:124:32":2,"b:129:9:129:Infinity":2,"b:131:19:131:Infinity":3,"s:133:17:133:Infinity":8,"s:134:22:134:Infinity":9,"s:135:21:135:Infinity":10,"s:137:25:137:Infinity":11,"b:137:25:137:40:137:40:137:Infinity":4,"s:138:23:138:Infinity":12,"b:138:23:138:32:138:32:138:Infinity":5,"s:141:4:159:Infinity":13,"b:156:7:156:25:156:25:156:Infinity:157:8:157:Infinity":6,"s:162:2:173:Infinity":14,"f:184:16:184:29":3,"s:185:2:185:Infinity":15,"f:191:16:191:28":4,"s:192:2:192:Infinity":16,"f:198:16:198:27":5,"s:199:2:199:Infinity":17}}}
,"/home/enunez/Projects/e2i_causal_analytics/frontend/src/components/digital-twin/RecommendationCards.tsx": {"path":"/home/enunez/Projects/e2i_causal_analytics/frontend/src/components/digital-twin/RecommendationCards.tsx","statementMap":{"0":{"start":{"line":63,"column":2},"end":{"line":100,"column":null}},"1":{"start":{"line":65,"column":6},"end":{"line":72,"column":null}},"2":{"start":{"line":74,"column":6},"end":{"line":81,"column":null}},"3":{"start":{"line":83,"column":6},"end":{"line":90,"column":null}},"4":{"start":{"line":92,"column":6},"end":{"line":99,"column":null}},"5":{"start":{"line":104,"column":2},"end":{"line":111,"column":null}},"6":{"start":{"line":106,"column":6},"end":{"line":106,"column":null}},"7":{"start":{"line":108,"column":6},"end":{"line":108,"column":null}},"8":{"start":{"line":110,"column":6},"end":{"line":110,"column":null}},"9":{"start":{"line":125,"column":2},"end":{"line":139,"column":null}},"10":{"start":{"line":126,"column":4},"end":{"line":137,"column":null}},"11":{"start":{"line":141,"column":16},"end":{"line":141,"column":null}},"12":{"start":{"line":142,"column":26},"end":{"line":142,"column":null}},"13":{"start":{"line":143,"column":15},"end":{"line":143,"column":null}},"14":{"start":{"line":145,"column":2},"end":{"line":279,"column":null}},"15":{"start":{"line":189,"column":16},"end":{"line":192,"column":null}},"16":{"start":{"line":239,"column":16},"end":{"line":242,"column":null}},"17":{"start":{"line":263,"column":16},"end":{"line":273,"column":null}}},"fnMap":{"0":{"name":"getRecommendationStyle","decl":{"start":{"line":62,"column":9},"end":{"line":62,"column":32}},"loc":{"start":{"line":62,"column":79},"end":{"line":101,"column":null}},"line":62},"1":{"name":"getConfidenceStyle","decl":{"start":{"line":103,"column":9},"end":{"line":103,"column":28}},"loc":{"start":{"line":103,"column":86},"end":{"line":112,"column":null}},"line":103},"2":{"name":"RecommendationCards","decl":{"start":{"line":118,"column":16},"end":{"line":118,"column":36}},"loc":{"start":{"line":124,"column":29},"end":{"line":281,"column":null}},"line":124},"3":{"name":"(anonymous_3)","decl":{"start":{"line":188,"column":43},"end":{"line":188,"column":44}},"loc":{"start":{"line":189,"column":16},"end":{"line":192,"column":null}},"line":189},"4":{"name":"(anonymous_4)","decl":{"start":{"line":238,"column":47},"end":{"line":238,"column":48}},"loc":{"start":{"line":239,"column":16},"end":{"line":242,"column":null}},"line":239},"5":{"name":"(anonymous_5)","decl":{"start":{"line":262,"column":72},"end":{"line":262,"column":73}},"loc":{"start":{"line":263,"column":16},"end":{"line":273,"column":null}},"line":263}},"branchMap":{"0":{"loc":{"start":{"line":63,"column":2},"end":{"line":100,"column":null}},"type":"switch","locations":[{"start":{"line":64,"column":4},"end":{"line":72,"column":null}},{"start":{"line":73,"column":4},"end":{"line":81,"column":null}},{"start":{"line":82,"column":4},"end":{"line":90,"column":null}},{"start":{"line":91,"column":4},"end":{"line":99,"column":null}}],"line":63},"1":{"loc":{"start":{"line":104,"column":2},"end":{"line":111,"column":null}},"type":"switch","locations":[{"start":{"line":105,"column":4},"end":{"line":106,"column":null}},{"start":{"line":107,"column":4},"end":{"line":108,"column":null}},{"start":{"line":109,"column":4},"end":{"line":110,"column":null}}],"line":104},"2":{"loc":{"start":{"line":123,"column":2},"end":{"line":123,"column":null}},"type":"default-arg","locations":[{"start":{"line":123,"column":14},"end":{"line":123,"column":null}}],"line":123},"3":{"loc":{"start":{"line":125,"column":2},"end":{"line":139,"column":null}},"type":"if","locations":[{"start":{"line":125,"column":2},"end":{"line":139,"column":null}},{"start":{},"end":{}}],"line":125},"4":{"loc":{"start":{"line":171,"column":11},"end":{"line":178,"column":null}},"type":"binary-expr","locations":[{"start":{"line":171,"column":11},"end":{"line":171,"column":null}},{"start":{"line":172,"column":12},"end":{"line":178,"column":null}}],"line":171},"5":{"loc":{"start":{"line":199,"column":13},"end":{"line":203,"column":null}},"type":"binary-expr","locations":[{"start":{"line":199,"column":13},"end":{"line":199,"column":66}},{"start":{"line":199,"column":66},"end":{"line":199,"column":null}},{"start":{"line":200,"column":14},"end":{"line":203,"column":null}}],"line":199},"6":{"loc":{"start":{"line":205,"column":13},"end":{"line":209,"column":null}},"type":"binary-expr","locations":[{"start":{"line":205,"column":13},"end":{"line":205,"column":66}},{"start":{"line":205,"column":66},"end":{"line":205,"column":null}},{"start":{"line":206,"column":14},"end":{"line":209,"column":null}}],"line":205},"7":{"loc":{"start":{"line":211,"column":13},"end":{"line":215,"column":null}},"type":"binary-expr","locations":[{"start":{"line":211,"column":13},"end":{"line":211,"column":67}},{"start":{"line":211,"column":67},"end":{"line":211,"column":null}},{"start":{"line":212,"column":14},"end":{"line":215,"column":null}}],"line":211},"8":{"loc":{"start":{"line":217,"column":13},"end":{"line":221,"column":null}},"type":"binary-expr","locations":[{"start":{"line":217,"column":13},"end":{"line":217,"column":null}},{"start":{"line":218,"column":14},"end":{"line":221,"column":null}}],"line":217},"9":{"loc":{"start":{"line":228,"column":7},"end":{"line":246,"column":null}},"type":"binary-expr","locations":[{"start":{"line":228,"column":7},"end":{"line":228,"column":38}},{"start":{"line":228,"column":38},"end":{"line":228,"column":null}},{"start":{"line":229,"column":8},"end":{"line":246,"column":null}}],"line":228},"10":{"loc":{"start":{"line":250,"column":7},"end":{"line":277,"column":null}},"type":"binary-expr","locations":[{"start":{"line":250,"column":7},"end":{"line":250,"column":null}},{"start":{"line":251,"column":8},"end":{"line":251,"column":null}},{"start":{"line":252,"column":8},"end":{"line":252,"column":null}},{"start":{"line":253,"column":8},"end":{"line":277,"column":null}}],"line":250}},"s":{"0":29,"1":16,"2":3,"3":6,"4":4,"5":29,"6":27,"7":1,"8":1,"9":35,"10":6,"11":29,"12":29,"13":29,"14":29,"15":86,"16":54,"17":2},"f":{"0":29,"1":29,"2":35,"3":86,"4":54,"5":2},"b":{"0":[16,3,6,4],"1":[27,1,1],"2":[35],"3":[6,29],"4":[29,29],"5":[35,16,2],"6":[35,6,2],"7":[35,4,2],"8":[35,3],"9":[35,28,27],"10":[35,6,1,1]},"meta":{"lastBranch":11,"lastFunction":6,"lastStatement":18,"seen":{"f:62:9:62:32":0,"b:64:4:72:Infinity:73:4:81:Infinity:82:4:90:Infinity:91:4:99:Infinity":0,"s:63:2:100:Infinity":0,"s:65:6:72:Infinity":1,"s:74:6:81:Infinity":2,"s:83:6:90:Infinity":3,"s:92:6:99:Infinity":4,"f:103:9:103:28":1,"b:105:4:106:Infinity:107:4:108:Infinity:109:4:110:Infinity":1,"s:104:2:111:Infinity":5,"s:106:6:106:Infinity":6,"s:108:6:108:Infinity":7,"s:110:6:110:Infinity":8,"f:118:16:118:36":2,"b:123:14:123:Infinity":2,"b:125:2:139:Infinity:undefined:undefined:undefined:undefined":3,"s:125:2:139:Infinity":9,"s:126:4:137:Infinity":10,"s:141:16:141:Infinity":11,"s:142:26:142:Infinity":12,"s:143:15:143:Infinity":13,"s:145:2:279:Infinity":14,"b:171:11:171:Infinity:172:12:178:Infinity":4,"f:188:43:188:44":3,"s:189:16:192:Infinity":15,"b:199:13:199:66:199:66:199:Infinity:200:14:203:Infinity":5,"b:205:13:205:66:205:66:205:Infinity:206:14:209:Infinity":6,"b:211:13:211:67:211:67:211:Infinity:212:14:215:Infinity":7,"b:217:13:217:Infinity:218:14:221:Infinity":8,"b:228:7:228:38:228:38:228:Infinity:229:8:246:Infinity":9,"f:238:47:238:48":4,"s:239:16:242:Infinity":16,"b:250:7:250:Infinity:251:8:251:Infinity:252:8:252:Infinity:253:8:277:Infinity":10,"f:262:72:262:73":5,"s:263:16:273:Infinity":17}}}
,"/home/enunez/Projects/e2i_causal_analytics/frontend/src/components/digital-twin/ScenarioResults.tsx": {"path":"/home/enunez/Projects/e2i_causal_analytics/frontend/src/components/digital-twin/ScenarioResults.tsx","statementMap":{"0":{"start":{"line":67,"column":15},"end":{"line":67,"column":null}},"1":{"start":{"line":68,"column":2},"end":{"line":68,"column":null}},"2":{"start":{"line":72,"column":2},"end":{"line":72,"column":null}},"3":{"start":{"line":76,"column":2},"end":{"line":83,"column":null}},"4":{"start":{"line":78,"column":6},"end":{"line":78,"column":null}},"5":{"start":{"line":80,"column":6},"end":{"line":80,"column":null}},"6":{"start":{"line":82,"column":6},"end":{"line":82,"column":null}},"7":{"start":{"line":87,"column":2},"end":{"line":87,"column":null}},"8":{"start":{"line":87,"column":20},"end":{"line":87,"column":null}},"9":{"start":{"line":88,"column":2},"end":{"line":88,"column":null}},"10":{"start":{"line":88,"column":20},"end":{"line":88,"column":null}},"11":{"start":{"line":89,"column":2},"end":{"line":89,"column":null}},"12":{"start":{"line":106,"column":23},"end":{"line":106,"column":null}},"13":{"start":{"line":107,"column":21},"end":{"line":107,"column":null}},"14":{"start":{"line":109,"column":2},"end":{"line":128,"column":null}},"15":{"start":{"line":138,"column":2},"end":{"line":147,"column":null}},"16":{"start":{"line":161,"column":28},"end":{"line":196,"column":null}},"17":{"start":{"line":162,"column":4},"end":{"line":162,"column":null}},"18":{"start":{"line":162,"column":48},"end":{"line":162,"column":null}},"19":{"start":{"line":164,"column":22},"end":{"line":164,"column":null}},"20":{"start":{"line":171,"column":19},"end":{"line":171,"column":null}},"21":{"start":{"line":173,"column":4},"end":{"line":194,"column":null}},"22":{"start":{"line":198,"column":2},"end":{"line":210,"column":null}},"23":{"start":{"line":199,"column":4},"end":{"line":208,"column":null}},"24":{"start":{"line":212,"column":2},"end":{"line":227,"column":null}},"25":{"start":{"line":213,"column":4},"end":{"line":225,"column":null}},"26":{"start":{"line":229,"column":78},"end":{"line":229,"column":null}},"27":{"start":{"line":231,"column":2},"end":{"line":437,"column":null}},"28":{"start":{"line":379,"column":20},"end":{"line":379,"column":null}},"29":{"start":{"line":398,"column":16},"end":{"line":431,"column":null}}},"fnMap":{"0":{"name":"formatDate","decl":{"start":{"line":66,"column":9},"end":{"line":66,"column":20}},"loc":{"start":{"line":66,"column":45},"end":{"line":69,"column":null}},"line":66},"1":{"name":"formatConfidenceInterval","decl":{"start":{"line":71,"column":9},"end":{"line":71,"column":34}},"loc":{"start":{"line":71,"column":66},"end":{"line":73,"column":null}},"line":71},"2":{"name":"getConfidenceBadgeColor","decl":{"start":{"line":75,"column":9},"end":{"line":75,"column":33}},"loc":{"start":{"line":75,"column":65},"end":{"line":84,"column":null}},"line":75},"3":{"name":"getFidelityScoreColor","decl":{"start":{"line":86,"column":9},"end":{"line":86,"column":31}},"loc":{"start":{"line":86,"column":54},"end":{"line":90,"column":null}},"line":86},"4":{"name":"OutcomeCard","decl":{"start":{"line":105,"column":9},"end":{"line":105,"column":21}},"loc":{"start":{"line":105,"column":117},"end":{"line":130,"column":null}},"line":105},"5":{"name":"FidelityMeter","decl":{"start":{"line":137,"column":9},"end":{"line":137,"column":23}},"loc":{"start":{"line":137,"column":61},"end":{"line":149,"column":null}},"line":137},"6":{"name":"ScenarioResults","decl":{"start":{"line":155,"column":16},"end":{"line":155,"column":32}},"loc":{"start":{"line":159,"column":25},"end":{"line":439,"column":null}},"line":159},"7":{"name":"(anonymous_7)","decl":{"start":{"line":161,"column":28},"end":{"line":161,"column":29}},"loc":{"start":{"line":161,"column":140},"end":{"line":196,"column":null}},"line":161},"8":{"name":"(anonymous_8)","decl":{"start":{"line":378,"column":41},"end":{"line":378,"column":42}},"loc":{"start":{"line":379,"column":20},"end":{"line":379,"column":null}},"line":379},"9":{"name":"(anonymous_9)","decl":{"start":{"line":397,"column":43},"end":{"line":397,"column":44}},"loc":{"start":{"line":398,"column":16},"end":{"line":431,"column":null}},"line":398}},"branchMap":{"0":{"loc":{"start":{"line":76,"column":2},"end":{"line":83,"column":null}},"type":"switch","locations":[{"start":{"line":77,"column":4},"end":{"line":78,"column":null}},{"start":{"line":79,"column":4},"end":{"line":80,"column":null}},{"start":{"line":81,"column":4},"end":{"line":82,"column":null}}],"line":76},"1":{"loc":{"start":{"line":87,"column":2},"end":{"line":87,"column":null}},"type":"if","locations":[{"start":{"line":87,"column":2},"end":{"line":87,"column":null}},{"start":{},"end":{}}],"line":87},"2":{"loc":{"start":{"line":88,"column":2},"end":{"line":88,"column":null}},"type":"if","locations":[{"start":{"line":88,"column":2},"end":{"line":88,"column":null}},{"start":{},"end":{}}],"line":88},"3":{"loc":{"start":{"line":105,"column":49},"end":{"line":105,"column":62}},"type":"default-arg","locations":[{"start":{"line":105,"column":58},"end":{"line":105,"column":62}}],"line":105},"4":{"loc":{"start":{"line":105,"column":62},"end":{"line":105,"column":75}},"type":"default-arg","locations":[{"start":{"line":105,"column":71},"end":{"line":105,"column":75}}],"line":105},"5":{"loc":{"start":{"line":105,"column":75},"end":{"line":105,"column":96}},"type":"default-arg","locations":[{"start":{"line":105,"column":90},"end":{"line":105,"column":96}}],"line":105},"6":{"loc":{"start":{"line":106,"column":23},"end":{"line":106,"column":null}},"type":"cond-expr","locations":[{"start":{"line":106,"column":38},"end":{"line":106,"column":72}},{"start":{"line":106,"column":72},"end":{"line":106,"column":null}}],"line":106},"7":{"loc":{"start":{"line":119,"column":12},"end":{"line":119,"column":null}},"type":"cond-expr","locations":[{"start":{"line":119,"column":25},"end":{"line":119,"column":46}},{"start":{"line":119,"column":46},"end":{"line":119,"column":null}}],"line":119},"8":{"loc":{"start":{"line":121,"column":21},"end":{"line":121,"column":40}},"type":"binary-expr","locations":[{"start":{"line":121,"column":21},"end":{"line":121,"column":35}},{"start":{"line":121,"column":35},"end":{"line":121,"column":40}}],"line":121},"9":{"loc":{"start":{"line":157,"column":2},"end":{"line":157,"column":null}},"type":"default-arg","locations":[{"start":{"line":157,"column":14},"end":{"line":157,"column":null}}],"line":157},"10":{"loc":{"start":{"line":158,"column":2},"end":{"line":158,"column":null}},"type":"default-arg","locations":[{"start":{"line":158,"column":14},"end":{"line":158,"column":null}}],"line":158},"11":{"loc":{"start":{"line":162,"column":4},"end":{"line":162,"column":null}},"type":"if","locations":[{"start":{"line":162,"column":4},"end":{"line":162,"column":null}},{"start":{},"end":{}}],"line":162},"12":{"loc":{"start":{"line":162,"column":8},"end":{"line":162,"column":48}},"type":"binary-expr","locations":[{"start":{"line":162,"column":8},"end":{"line":162,"column":19}},{"start":{"line":162,"column":19},"end":{"line":162,"column":31}},{"start":{"line":162,"column":31},"end":{"line":162,"column":48}}],"line":162},"13":{"loc":{"start":{"line":176,"column":22},"end":{"line":176,"column":33}},"type":"binary-expr","locations":[{"start":{"line":176,"column":22},"end":{"line":176,"column":31}},{"start":{"line":176,"column":31},"end":{"line":176,"column":33}}],"line":176},"14":{"loc":{"start":{"line":189,"column":45},"end":{"line":189,"column":94}},"type":"cond-expr","locations":[{"start":{"line":189,"column":58},"end":{"line":189,"column":79}},{"start":{"line":189,"column":79},"end":{"line":189,"column":94}}],"line":189},"15":{"loc":{"start":{"line":190,"column":15},"end":{"line":190,"column":38}},"type":"cond-expr","locations":[{"start":{"line":190,"column":28},"end":{"line":190,"column":34}},{"start":{"line":190,"column":34},"end":{"line":190,"column":38}}],"line":190},"16":{"loc":{"start":{"line":198,"column":2},"end":{"line":210,"column":null}},"type":"if","locations":[{"start":{"line":198,"column":2},"end":{"line":210,"column":null}},{"start":{},"end":{}}],"line":198},"17":{"loc":{"start":{"line":212,"column":2},"end":{"line":227,"column":null}},"type":"if","locations":[{"start":{"line":212,"column":2},"end":{"line":227,"column":null}},{"start":{},"end":{}}],"line":212},"18":{"loc":{"start":{"line":371,"column":13},"end":{"line":382,"column":null}},"type":"binary-expr","locations":[{"start":{"line":371,"column":13},"end":{"line":371,"column":34}},{"start":{"line":371,"column":34},"end":{"line":371,"column":null}},{"start":{"line":372,"column":14},"end":{"line":382,"column":null}}],"line":371}},"s":{"0":0,"1":0,"2":100,"3":25,"4":23,"5":1,"6":1,"7":125,"8":123,"9":2,"10":2,"11":1,"12":100,"13":100,"14":100,"15":100,"16":33,"17":0,"18":0,"19":0,"20":0,"21":0,"22":33,"23":2,"24":31,"25":6,"26":25,"27":25,"28":25,"29":50},"f":{"0":0,"1":100,"2":25,"3":125,"4":100,"5":100,"6":33,"7":0,"8":25,"9":50},"b":{"0":[23,1,1],"1":[123,2],"2":[1,1],"3":[100],"4":[100],"5":[100],"6":[25,75],"7":[100,0],"8":[100,100],"9":[33],"10":[33],"11":[0,0],"12":[0,0,0],"13":[0,0],"14":[0,0],"15":[0,0],"16":[2,31],"17":[6,25],"18":[25,25,25]},"meta":{"lastBranch":19,"lastFunction":10,"lastStatement":30,"seen":{"f:66:9:66:20":0,"s:67:15:67:Infinity":0,"s:68:2:68:Infinity":1,"f:71:9:71:34":1,"s:72:2:72:Infinity":2,"f:75:9:75:33":2,"b:77:4:78:Infinity:79:4:80:Infinity:81:4:82:Infinity":0,"s:76:2:83:Infinity":3,"s:78:6:78:Infinity":4,"s:80:6:80:Infinity":5,"s:82:6:82:Infinity":6,"f:86:9:86:31":3,"b:87:2:87:Infinity:undefined:undefined:undefined:undefined":1,"s:87:2:87:Infinity":7,"s:87:20:87:Infinity":8,"b:88:2:88:Infinity:undefined:undefined:undefined:undefined":2,"s:88:2:88:Infinity":9,"s:88:20:88:Infinity":10,"s:89:2:89:Infinity":11,"f:105:9:105:21":4,"b:105:58:105:62":3,"b:105:71:105:75":4,"b:105:90:105:96":5,"s:106:23:106:Infinity":12,"b:106:38:106:72:106:72:106:Infinity":6,"s:107:21:107:Infinity":13,"s:109:2:128:Infinity":14,"b:119:25:119:46:119:46:119:Infinity":7,"b:121:21:121:35:121:35:121:40":8,"f:137:9:137:23":5,"s:138:2:147:Infinity":15,"f:155:16:155:32":6,"b:157:14:157:Infinity":9,"b:158:14:158:Infinity":10,"s:161:28:196:Infinity":16,"f:161:28:161:29":7,"b:162:4:162:Infinity:undefined:undefined:undefined:undefined":11,"s:162:4:162:Infinity":17,"b:162:8:162:19:162:19:162:31:162:31:162:48":12,"s:162:48:162:Infinity":18,"s:164:22:164:Infinity":19,"s:171:19:171:Infinity":20,"s:173:4:194:Infinity":21,"b:176:22:176:31:176:31:176:33":13,"b:189:58:189:79:189:79:189:94":14,"b:190:28:190:34:190:34:190:38":15,"b:198:2:210:Infinity:undefined:undefined:undefined:undefined":16,"s:198:2:210:Infinity":22,"s:199:4:208:Infinity":23,"b:212:2:227:Infinity:undefined:undefined:undefined:undefined":17,"s:212:2:227:Infinity":24,"s:213:4:225:Infinity":25,"s:229:78:229:Infinity":26,"s:231:2:437:Infinity":27,"b:371:13:371:34:371:34:371:Infinity:372:14:382:Infinity":18,"f:378:41:378:42":8,"s:379:20:379:Infinity":28,"f:397:43:397:44":9,"s:398:16:431:Infinity":29}}}
,"/home/enunez/Projects/e2i_causal_analytics/frontend/src/components/digital-twin/SimulationPanel.tsx": {"path":"/home/enunez/Projects/e2i_causal_analytics/frontend/src/components/digital-twin/SimulationPanel.tsx","statementMap":{"0":{"start":{"line":47,"column":67},"end":{"line":54,"column":null}},"1":{"start":{"line":56,"column":23},"end":{"line":56,"column":null}},"2":{"start":{"line":58,"column":16},"end":{"line":65,"column":null}},"3":{"start":{"line":67,"column":21},"end":{"line":74,"column":null}},"4":{"start":{"line":87,"column":34},"end":{"line":95,"column":null}},"5":{"start":{"line":97,"column":38},"end":{"line":97,"column":null}},"6":{"start":{"line":99,"column":23},"end":{"line":113,"column":null}},"7":{"start":{"line":100,"column":4},"end":{"line":100,"column":null}},"8":{"start":{"line":102,"column":39},"end":{"line":110,"column":null}},"9":{"start":{"line":112,"column":4},"end":{"line":112,"column":null}},"10":{"start":{"line":115,"column":23},"end":{"line":122,"column":null}},"11":{"start":{"line":116,"column":4},"end":{"line":121,"column":null}},"12":{"start":{"line":116,"column":29},"end":{"line":121,"column":6}},"13":{"start":{"line":119,"column":43},"end":{"line":119,"column":55}},"14":{"start":{"line":124,"column":24},"end":{"line":131,"column":null}},"15":{"start":{"line":125,"column":4},"end":{"line":130,"column":null}},"16":{"start":{"line":125,"column":29},"end":{"line":130,"column":6}},"17":{"start":{"line":128,"column":44},"end":{"line":128,"column":57}},"18":{"start":{"line":133,"column":2},"end":{"line":333,"column":null}},"19":{"start":{"line":149,"column":27},"end":{"line":149,"column":null}},"20":{"start":{"line":167,"column":18},"end":{"line":167,"column":null}},"21":{"start":{"line":167,"column":43},"end":{"line":167,"column":80}},"22":{"start":{"line":175,"column":20},"end":{"line":177,"column":null}},"23":{"start":{"line":189,"column":18},"end":{"line":189,"column":null}},"24":{"start":{"line":189,"column":43},"end":{"line":189,"column":69}},"25":{"start":{"line":197,"column":20},"end":{"line":199,"column":null}},"26":{"start":{"line":219,"column":18},"end":{"line":219,"column":null}},"27":{"start":{"line":219,"column":43},"end":{"line":219,"column":74}},"28":{"start":{"line":238,"column":18},"end":{"line":238,"column":null}},"29":{"start":{"line":238,"column":43},"end":{"line":238,"column":76}},"30":{"start":{"line":259,"column":20},"end":{"line":262,"column":null}},"31":{"start":{"line":259,"column":45},"end":{"line":262,"column":22}},"32":{"start":{"line":275,"column":20},"end":{"line":282,"column":null}},"33":{"start":{"line":279,"column":37},"end":{"line":279,"column":null}},"34":{"start":{"line":295,"column":20},"end":{"line":302,"column":null}},"35":{"start":{"line":299,"column":37},"end":{"line":299,"column":null}}},"fnMap":{"0":{"name":"SimulationPanel","decl":{"start":{"line":80,"column":16},"end":{"line":80,"column":32}},"loc":{"start":{"line":86,"column":25},"end":{"line":335,"column":null}},"line":86},"1":{"name":"(anonymous_1)","decl":{"start":{"line":99,"column":23},"end":{"line":99,"column":24}},"loc":{"start":{"line":99,"column":47},"end":{"line":113,"column":null}},"line":99},"2":{"name":"(anonymous_2)","decl":{"start":{"line":115,"column":23},"end":{"line":115,"column":24}},"loc":{"start":{"line":115,"column":43},"end":{"line":122,"column":null}},"line":115},"3":{"name":"(anonymous_3)","decl":{"start":{"line":116,"column":18},"end":{"line":116,"column":19}},"loc":{"start":{"line":116,"column":29},"end":{"line":121,"column":6}},"line":116},"4":{"name":"(anonymous_4)","decl":{"start":{"line":119,"column":36},"end":{"line":119,"column":37}},"loc":{"start":{"line":119,"column":43},"end":{"line":119,"column":55}},"line":119},"5":{"name":"(anonymous_5)","decl":{"start":{"line":124,"column":24},"end":{"line":124,"column":25}},"loc":{"start":{"line":124,"column":45},"end":{"line":131,"column":null}},"line":124},"6":{"name":"(anonymous_6)","decl":{"start":{"line":125,"column":18},"end":{"line":125,"column":19}},"loc":{"start":{"line":125,"column":29},"end":{"line":130,"column":6}},"line":125},"7":{"name":"(anonymous_7)","decl":{"start":{"line":128,"column":37},"end":{"line":128,"column":38}},"loc":{"start":{"line":128,"column":44},"end":{"line":128,"column":57}},"line":128},"8":{"name":"(anonymous_8)","decl":{"start":{"line":149,"column":21},"end":{"line":149,"column":27}},"loc":{"start":{"line":149,"column":27},"end":{"line":149,"column":null}},"line":149},"9":{"name":"(anonymous_9)","decl":{"start":{"line":166,"column":31},"end":{"line":166,"column":32}},"loc":{"start":{"line":167,"column":18},"end":{"line":167,"column":null}},"line":167},"10":{"name":"(anonymous_10)","decl":{"start":{"line":167,"column":32},"end":{"line":167,"column":33}},"loc":{"start":{"line":167,"column":43},"end":{"line":167,"column":80}},"line":167},"11":{"name":"(anonymous_11)","decl":{"start":{"line":174,"column":64},"end":{"line":174,"column":65}},"loc":{"start":{"line":175,"column":20},"end":{"line":177,"column":null}},"line":175},"12":{"name":"(anonymous_12)","decl":{"start":{"line":188,"column":31},"end":{"line":188,"column":32}},"loc":{"start":{"line":189,"column":18},"end":{"line":189,"column":null}},"line":189},"13":{"name":"(anonymous_13)","decl":{"start":{"line":189,"column":32},"end":{"line":189,"column":33}},"loc":{"start":{"line":189,"column":43},"end":{"line":189,"column":69}},"line":189},"14":{"name":"(anonymous_14)","decl":{"start":{"line":196,"column":30},"end":{"line":196,"column":31}},"loc":{"start":{"line":197,"column":20},"end":{"line":199,"column":null}},"line":197},"15":{"name":"(anonymous_15)","decl":{"start":{"line":218,"column":31},"end":{"line":218,"column":32}},"loc":{"start":{"line":219,"column":18},"end":{"line":219,"column":null}},"line":219},"16":{"name":"(anonymous_16)","decl":{"start":{"line":219,"column":32},"end":{"line":219,"column":33}},"loc":{"start":{"line":219,"column":43},"end":{"line":219,"column":74}},"line":219},"17":{"name":"(anonymous_17)","decl":{"start":{"line":237,"column":31},"end":{"line":237,"column":32}},"loc":{"start":{"line":238,"column":18},"end":{"line":238,"column":null}},"line":238},"18":{"name":"(anonymous_18)","decl":{"start":{"line":238,"column":32},"end":{"line":238,"column":33}},"loc":{"start":{"line":238,"column":43},"end":{"line":238,"column":76}},"line":238},"19":{"name":"(anonymous_19)","decl":{"start":{"line":258,"column":28},"end":{"line":258,"column":29}},"loc":{"start":{"line":259,"column":20},"end":{"line":262,"column":null}},"line":259},"20":{"name":"(anonymous_20)","decl":{"start":{"line":259,"column":34},"end":{"line":259,"column":35}},"loc":{"start":{"line":259,"column":45},"end":{"line":262,"column":22}},"line":259},"21":{"name":"(anonymous_21)","decl":{"start":{"line":274,"column":31},"end":{"line":274,"column":32}},"loc":{"start":{"line":275,"column":20},"end":{"line":282,"column":null}},"line":275},"22":{"name":"(anonymous_22)","decl":{"start":{"line":279,"column":31},"end":{"line":279,"column":37}},"loc":{"start":{"line":279,"column":37},"end":{"line":279,"column":null}},"line":279},"23":{"name":"(anonymous_23)","decl":{"start":{"line":294,"column":36},"end":{"line":294,"column":37}},"loc":{"start":{"line":295,"column":20},"end":{"line":302,"column":null}},"line":295},"24":{"name":"(anonymous_24)","decl":{"start":{"line":299,"column":31},"end":{"line":299,"column":37}},"loc":{"start":{"line":299,"column":37},"end":{"line":299,"column":null}},"line":299}},"branchMap":{"0":{"loc":{"start":{"line":82,"column":2},"end":{"line":82,"column":null}},"type":"default-arg","locations":[{"start":{"line":82,"column":17},"end":{"line":82,"column":null}}],"line":82},"1":{"loc":{"start":{"line":83,"column":2},"end":{"line":83,"column":null}},"type":"default-arg","locations":[{"start":{"line":83,"column":17},"end":{"line":83,"column":null}}],"line":83},"2":{"loc":{"start":{"line":84,"column":2},"end":{"line":84,"column":null}},"type":"default-arg","locations":[{"start":{"line":84,"column":11},"end":{"line":84,"column":null}}],"line":84},"3":{"loc":{"start":{"line":85,"column":2},"end":{"line":85,"column":null}},"type":"default-arg","locations":[{"start":{"line":85,"column":14},"end":{"line":85,"column":null}}],"line":85},"4":{"loc":{"start":{"line":107,"column":22},"end":{"line":107,"column":null}},"type":"cond-expr","locations":[{"start":{"line":107,"column":60},"end":{"line":107,"column":87}},{"start":{"line":107,"column":87},"end":{"line":107,"column":null}}],"line":107},"5":{"loc":{"start":{"line":108,"column":23},"end":{"line":108,"column":null}},"type":"cond-expr","locations":[{"start":{"line":108,"column":62},"end":{"line":108,"column":90}},{"start":{"line":108,"column":90},"end":{"line":108,"column":null}}],"line":108},"6":{"loc":{"start":{"line":118,"column":21},"end":{"line":120,"column":null}},"type":"cond-expr","locations":[{"start":{"line":119,"column":10},"end":{"line":119,"column":null}},{"start":{"line":120,"column":10},"end":{"line":120,"column":null}}],"line":118},"7":{"loc":{"start":{"line":127,"column":22},"end":{"line":129,"column":null}},"type":"cond-expr","locations":[{"start":{"line":128,"column":10},"end":{"line":128,"column":null}},{"start":{"line":129,"column":10},"end":{"line":129,"column":null}}],"line":127},"8":{"loc":{"start":{"line":152,"column":13},"end":{"line":152,"column":null}},"type":"cond-expr","locations":[{"start":{"line":152,"column":28},"end":{"line":152,"column":38}},{"start":{"line":152,"column":38},"end":{"line":152,"column":null}}],"line":152},"9":{"loc":{"start":{"line":248,"column":11},"end":{"line":309,"column":null}},"type":"binary-expr","locations":[{"start":{"line":248,"column":11},"end":{"line":248,"column":null}},{"start":{"line":249,"column":12},"end":{"line":309,"column":null}}],"line":248},"10":{"loc":{"start":{"line":257,"column":25},"end":{"line":257,"column":null}},"type":"binary-expr","locations":[{"start":{"line":257,"column":25},"end":{"line":257,"column":46}},{"start":{"line":257,"column":46},"end":{"line":257,"column":null}}],"line":257},"11":{"loc":{"start":{"line":261,"column":30},"end":{"line":261,"column":null}},"type":"cond-expr","locations":[{"start":{"line":261,"column":47},"end":{"line":261,"column":72}},{"start":{"line":261,"column":72},"end":{"line":261,"column":null}}],"line":261},"12":{"loc":{"start":{"line":277,"column":31},"end":{"line":277,"column":null}},"type":"cond-expr","locations":[{"start":{"line":277,"column":75},"end":{"line":277,"column":87}},{"start":{"line":277,"column":87},"end":{"line":277,"column":null}}],"line":277},"13":{"loc":{"start":{"line":297,"column":31},"end":{"line":297,"column":null}},"type":"cond-expr","locations":[{"start":{"line":297,"column":77},"end":{"line":297,"column":89}},{"start":{"line":297,"column":89},"end":{"line":297,"column":null}}],"line":297},"14":{"loc":{"start":{"line":319,"column":13},"end":{"line":328,"column":null}},"type":"cond-expr","locations":[{"start":{"line":320,"column":14},"end":{"line":323,"column":null}},{"start":{"line":325,"column":14},"end":{"line":328,"column":null}}],"line":319}},"s":{"0":2,"1":2,"2":2,"3":2,"4":84,"5":84,"6":84,"7":13,"8":13,"9":13,"10":84,"11":7,"12":7,"13":1,"14":84,"15":6,"16":6,"17":1,"18":84,"19":15,"20":1,"21":1,"22":504,"23":1,"24":1,"25":252,"26":0,"27":0,"28":0,"29":0,"30":17,"31":17,"32":264,"33":7,"34":264,"35":6},"f":{"0":84,"1":13,"2":7,"3":7,"4":1,"5":6,"6":6,"7":1,"8":15,"9":1,"10":1,"11":504,"12":1,"13":1,"14":252,"15":0,"16":0,"17":0,"18":0,"19":17,"20":17,"21":264,"22":7,"23":264,"24":6},"b":{"0":[84],"1":[84],"2":[84],"3":[84],"4":[3,10],"5":[3,10],"6":[1,6],"7":[1,5],"8":[44,40],"9":[84,44],"10":[44,25],"11":[16,1],"12":[10,254],"13":[6,258],"14":[2,82]},"meta":{"lastBranch":15,"lastFunction":25,"lastStatement":36,"seen":{"s:47:67:54:Infinity":0,"s:56:23:56:Infinity":1,"s:58:16:65:Infinity":2,"s:67:21:74:Infinity":3,"f:80:16:80:32":0,"b:82:17:82:Infinity":0,"b:83:17:83:Infinity":1,"b:84:11:84:Infinity":2,"b:85:14:85:Infinity":3,"s:87:34:95:Infinity":4,"s:97:38:97:Infinity":5,"s:99:23:113:Infinity":6,"f:99:23:99:24":1,"s:100:4:100:Infinity":7,"s:102:39:110:Infinity":8,"b:107:60:107:87:107:87:107:Infinity":4,"b:108:62:108:90:108:90:108:Infinity":5,"s:112:4:112:Infinity":9,"s:115:23:122:Infinity":10,"f:115:23:115:24":2,"s:116:4:121:Infinity":11,"f:116:18:116:19":3,"s:116:29:121:6":12,"b:119:10:119:Infinity:120:10:120:Infinity":6,"f:119:36:119:37":4,"s:119:43:119:55":13,"s:124:24:131:Infinity":14,"f:124:24:124:25":5,"s:125:4:130:Infinity":15,"f:125:18:125:19":6,"s:125:29:130:6":16,"b:128:10:128:Infinity:129:10:129:Infinity":7,"f:128:37:128:38":7,"s:128:44:128:57":17,"s:133:2:333:Infinity":18,"f:149:21:149:27":8,"s:149:27:149:Infinity":19,"b:152:28:152:38:152:38:152:Infinity":8,"f:166:31:166:32":9,"s:167:18:167:Infinity":20,"f:167:32:167:33":10,"s:167:43:167:80":21,"f:174:64:174:65":11,"s:175:20:177:Infinity":22,"f:188:31:188:32":12,"s:189:18:189:Infinity":23,"f:189:32:189:33":13,"s:189:43:189:69":24,"f:196:30:196:31":14,"s:197:20:199:Infinity":25,"f:218:31:218:32":15,"s:219:18:219:Infinity":26,"f:219:32:219:33":16,"s:219:43:219:74":27,"f:237:31:237:32":17,"s:238:18:238:Infinity":28,"f:238:32:238:33":18,"s:238:43:238:76":29,"b:248:11:248:Infinity:249:12:309:Infinity":9,"b:257:25:257:46:257:46:257:Infinity":10,"f:258:28:258:29":19,"s:259:20:262:Infinity":30,"f:259:34:259:35":20,"s:259:45:262:22":31,"b:261:47:261:72:261:72:261:Infinity":11,"f:274:31:274:32":21,"s:275:20:282:Infinity":32,"b:277:75:277:87:277:87:277:Infinity":12,"f:279:31:279:37":22,"s:279:37:279:Infinity":33,"f:294:36:294:37":23,"s:295:20:302:Infinity":34,"b:297:77:297:89:297:89:297:Infinity":13,"f:299:31:299:37":24,"s:299:37:299:Infinity":35,"b:320:14:323:Infinity:325:14:328:Infinity":14}}}
,"/home/enunez/Projects/e2i_causal_analytics/frontend/src/components/digital-twin/index.ts": {"path":"/home/enunez/Projects/e2i_causal_analytics/frontend/src/components/digital-twin/index.ts","statementMap":{},"fnMap":{},"branchMap":{},"s":{},"f":{},"b":{},"meta":{"lastBranch":0,"lastFunction":0,"lastStatement":0,"seen":{}}}
,"/home/enunez/Projects/e2i_causal_analytics/frontend/src/components/ui/badge.tsx": {"path":"/home/enunez/Projects/e2i_causal_analytics/frontend/src/components/ui/badge.tsx","statementMap":{"0":{"start":{"line":6,"column":6},"end":{"line":29,"column":null}},"1":{"start":{"line":36,"column":2},"end":{"line":37,"column":null}}},"fnMap":{"0":{"name":"Badge","decl":{"start":{"line":35,"column":9},"end":{"line":35,"column":15}},"loc":{"start":{"line":35,"column":61},"end":{"line":39,"column":null}},"line":35}},"branchMap":{},"s":{"0":15,"1":2549},"f":{"0":2549},"b":{},"meta":{"lastBranch":0,"lastFunction":1,"lastStatement":2,"seen":{"s:6:6:29:Infinity":0,"f:35:9:35:15":0,"s:36:2:37:Infinity":1}}}
,"/home/enunez/Projects/e2i_causal_analytics/frontend/src/components/ui/button.tsx": {"path":"/home/enunez/Projects/e2i_causal_analytics/frontend/src/components/ui/button.tsx","statementMap":{"0":{"start":{"line":7,"column":6},"end":{"line":36,"column":null}},"1":{"start":{"line":44,"column":15},"end":{"line":55,"column":null}},"2":{"start":{"line":46,"column":17},"end":{"line":46,"column":null}},"3":{"start":{"line":47,"column":4},"end":{"line":52,"column":null}},"4":{"start":{"line":56,"column":0},"end":{"line":56,"column":null}}},"fnMap":{"0":{"name":"(anonymous_0)","decl":{"start":{"line":45,"column":2},"end":{"line":45,"column":3}},"loc":{"start":{"line":45,"column":68},"end":{"line":54,"column":null}},"line":45}},"branchMap":{"0":{"loc":{"start":{"line":45,"column":31},"end":{"line":45,"column":48}},"type":"default-arg","locations":[{"start":{"line":45,"column":41},"end":{"line":45,"column":48}}],"line":45},"1":{"loc":{"start":{"line":46,"column":17},"end":{"line":46,"column":null}},"type":"cond-expr","locations":[{"start":{"line":46,"column":27},"end":{"line":46,"column":34}},{"start":{"line":46,"column":34},"end":{"line":46,"column":null}}],"line":46}},"s":{"0":14,"1":14,"2":1130,"3":1130,"4":14},"f":{"0":1130},"b":{"0":[1130],"1":[0,1130]},"meta":{"lastBranch":2,"lastFunction":1,"lastStatement":5,"seen":{"s:7:6:36:Infinity":0,"s:44:15:55:Infinity":1,"f:45:2:45:3":0,"b:45:41:45:48":0,"s:46:17:46:Infinity":2,"b:46:27:46:34:46:34:46:Infinity":1,"s:47:4:52:Infinity":3,"s:56:0:56:Infinity":4}}}
,"/home/enunez/Projects/e2i_causal_analytics/frontend/src/components/ui/card.tsx": {"path":"/home/enunez/Projects/e2i_causal_analytics/frontend/src/components/ui/card.tsx","statementMap":{"0":{"start":{"line":5,"column":13},"end":{"line":17,"column":null}},"1":{"start":{"line":9,"column":2},"end":{"line":16,"column":null}},"2":{"start":{"line":18,"column":0},"end":{"line":18,"column":null}},"3":{"start":{"line":20,"column":19},"end":{"line":29,"column":null}},"4":{"start":{"line":24,"column":2},"end":{"line":28,"column":null}},"5":{"start":{"line":30,"column":0},"end":{"line":30,"column":null}},"6":{"start":{"line":32,"column":18},"end":{"line":41,"column":null}},"7":{"start":{"line":36,"column":2},"end":{"line":40,"column":null}},"8":{"start":{"line":42,"column":0},"end":{"line":42,"column":null}},"9":{"start":{"line":44,"column":24},"end":{"line":53,"column":null}},"10":{"start":{"line":48,"column":2},"end":{"line":52,"column":null}},"11":{"start":{"line":54,"column":0},"end":{"line":54,"column":null}},"12":{"start":{"line":56,"column":20},"end":{"line":61,"column":null}},"13":{"start":{"line":60,"column":2},"end":{"line":60,"column":null}},"14":{"start":{"line":62,"column":0},"end":{"line":62,"column":null}},"15":{"start":{"line":64,"column":19},"end":{"line":73,"column":null}},"16":{"start":{"line":68,"column":2},"end":{"line":72,"column":null}},"17":{"start":{"line":74,"column":0},"end":{"line":74,"column":null}}},"fnMap":{"0":{"name":"(anonymous_0)","decl":{"start":{"line":8,"column":2},"end":{"line":8,"column":3}},"loc":{"start":{"line":9,"column":2},"end":{"line":16,"column":null}},"line":9},"1":{"name":"(anonymous_1)","decl":{"start":{"line":23,"column":2},"end":{"line":23,"column":3}},"loc":{"start":{"line":24,"column":2},"end":{"line":28,"column":null}},"line":24},"2":{"name":"(anonymous_2)","decl":{"start":{"line":35,"column":2},"end":{"line":35,"column":3}},"loc":{"start":{"line":36,"column":2},"end":{"line":40,"column":null}},"line":36},"3":{"name":"(anonymous_3)","decl":{"start":{"line":47,"column":2},"end":{"line":47,"column":3}},"loc":{"start":{"line":48,"column":2},"end":{"line":52,"column":null}},"line":48},"4":{"name":"(anonymous_4)","decl":{"start":{"line":59,"column":2},"end":{"line":59,"column":3}},"loc":{"start":{"line":60,"column":2},"end":{"line":60,"column":null}},"line":60},"5":{"name":"(anonymous_5)","decl":{"start":{"line":67,"column":2},"end":{"line":67,"column":3}},"loc":{"start":{"line":68,"column":2},"end":{"line":72,"column":null}},"line":68}},"branchMap":{},"s":{"0":12,"1":2209,"2":12,"3":12,"4":790,"5":12,"6":12,"7":790,"8":12,"9":12,"10":582,"11":12,"12":12,"13":2209,"14":12,"15":12,"16":0,"17":12},"f":{"0":2209,"1":790,"2":790,"3":582,"4":2209,"5":0},"b":{},"meta":{"lastBranch":0,"lastFunction":6,"lastStatement":18,"seen":{"s:5:13:17:Infinity":0,"f:8:2:8:3":0,"s:9:2:16:Infinity":1,"s:18:0:18:Infinity":2,"s:20:19:29:Infinity":3,"f:23:2:23:3":1,"s:24:2:28:Infinity":4,"s:30:0:30:Infinity":5,"s:32:18:41:Infinity":6,"f:35:2:35:3":2,"s:36:2:40:Infinity":7,"s:42:0:42:Infinity":8,"s:44:24:53:Infinity":9,"f:47:2:47:3":3,"s:48:2:52:Infinity":10,"s:54:0:54:Infinity":11,"s:56:20:61:Infinity":12,"f:59:2:59:3":4,"s:60:2:60:Infinity":13,"s:62:0:62:Infinity":14,"s:64:19:73:Infinity":15,"f:67:2:67:3":5,"s:68:2:72:Infinity":16,"s:74:0:74:Infinity":17}}}
,"/home/enunez/Projects/e2i_causal_analytics/frontend/src/components/ui/checkbox.tsx": {"path":"/home/enunez/Projects/e2i_causal_analytics/frontend/src/components/ui/checkbox.tsx","statementMap":{"0":{"start":{"line":7,"column":17},"end":{"line":25,"column":null}},"1":{"start":{"line":11,"column":2},"end":{"line":24,"column":null}},"2":{"start":{"line":26,"column":0},"end":{"line":26,"column":null}}},"fnMap":{"0":{"name":"(anonymous_0)","decl":{"start":{"line":10,"column":2},"end":{"line":10,"column":3}},"loc":{"start":{"line":11,"column":2},"end":{"line":24,"column":null}},"line":11}},"branchMap":{},"s":{"0":8,"1":1595,"2":8},"f":{"0":1595},"b":{},"meta":{"lastBranch":0,"lastFunction":1,"lastStatement":3,"seen":{"s:7:17:25:Infinity":0,"f:10:2:10:3":0,"s:11:2:24:Infinity":1,"s:26:0:26:Infinity":2}}}
,"/home/enunez/Projects/e2i_causal_analytics/frontend/src/components/ui/input.tsx": {"path":"/home/enunez/Projects/e2i_causal_analytics/frontend/src/components/ui/input.tsx","statementMap":{"0":{"start":{"line":7,"column":14},"end":{"line":21,"column":null}},"1":{"start":{"line":9,"column":4},"end":{"line":18,"column":null}},"2":{"start":{"line":22,"column":0},"end":{"line":22,"column":null}}},"fnMap":{"0":{"name":"(anonymous_0)","decl":{"start":{"line":8,"column":2},"end":{"line":8,"column":3}},"loc":{"start":{"line":8,"column":42},"end":{"line":20,"column":null}},"line":8}},"branchMap":{},"s":{"0":5,"1":76,"2":5},"f":{"0":76},"b":{},"meta":{"lastBranch":0,"lastFunction":1,"lastStatement":3,"seen":{"s:7:14:21:Infinity":0,"f:8:2:8:3":0,"s:9:4:18:Infinity":1,"s:22:0:22:Infinity":2}}}
,"/home/enunez/Projects/e2i_causal_analytics/frontend/src/components/ui/label.tsx": {"path":"/home/enunez/Projects/e2i_causal_analytics/frontend/src/components/ui/label.tsx","statementMap":{"0":{"start":{"line":7,"column":6},"end":{"line":9,"column":null}},"1":{"start":{"line":11,"column":14},"end":{"line":21,"column":null}},"2":{"start":{"line":16,"column":2},"end":{"line":20,"column":null}},"3":{"start":{"line":22,"column":0},"end":{"line":22,"column":null}}},"fnMap":{"0":{"name":"(anonymous_0)","decl":{"start":{"line":15,"column":2},"end":{"line":15,"column":3}},"loc":{"start":{"line":16,"column":2},"end":{"line":20,"column":null}},"line":16}},"branchMap":{},"s":{"0":9,"1":9,"2":2063,"3":9},"f":{"0":2063},"b":{},"meta":{"lastBranch":0,"lastFunction":1,"lastStatement":4,"seen":{"s:7:6:9:Infinity":0,"s:11:14:21:Infinity":1,"f:15:2:15:3":0,"s:16:2:20:Infinity":2,"s:22:0:22:Infinity":3}}}
,"/home/enunez/Projects/e2i_causal_analytics/frontend/src/components/ui/progress.tsx": {"path":"/home/enunez/Projects/e2i_causal_analytics/frontend/src/components/ui/progress.tsx","statementMap":{"0":{"start":{"line":6,"column":17},"end":{"line":23,"column":null}},"1":{"start":{"line":10,"column":2},"end":{"line":22,"column":null}},"2":{"start":{"line":24,"column":0},"end":{"line":24,"column":null}}},"fnMap":{"0":{"name":"(anonymous_0)","decl":{"start":{"line":9,"column":2},"end":{"line":9,"column":3}},"loc":{"start":{"line":10,"column":2},"end":{"line":22,"column":null}},"line":10}},"branchMap":{"0":{"loc":{"start":{"line":20,"column":48},"end":{"line":20,"column":59}},"type":"binary-expr","locations":[{"start":{"line":20,"column":48},"end":{"line":20,"column":57}},{"start":{"line":20,"column":57},"end":{"line":20,"column":59}}],"line":20}},"s":{"0":3,"1":999,"2":3},"f":{"0":999},"b":{"0":[999,0]},"meta":{"lastBranch":1,"lastFunction":1,"lastStatement":3,"seen":{"s:6:17:23:Infinity":0,"f:9:2:9:3":0,"s:10:2:22:Infinity":1,"b:20:48:20:57:20:57:20:59":0,"s:24:0:24:Infinity":2}}}
,"/home/enunez/Projects/e2i_causal_analytics/frontend/src/components/ui/select.tsx": {"path":"/home/enunez/Projects/e2i_causal_analytics/frontend/src/components/ui/select.tsx","statementMap":{"0":{"start":{"line":7,"column":15},"end":{"line":7,"column":null}},"1":{"start":{"line":9,"column":20},"end":{"line":9,"column":null}},"2":{"start":{"line":11,"column":20},"end":{"line":11,"column":null}},"3":{"start":{"line":13,"column":22},"end":{"line":30,"column":null}},"4":{"start":{"line":17,"column":2},"end":{"line":29,"column":null}},"5":{"start":{"line":31,"column":0},"end":{"line":31,"column":null}},"6":{"start":{"line":33,"column":29},"end":{"line":47,"column":null}},"7":{"start":{"line":37,"column":2},"end":{"line":46,"column":null}},"8":{"start":{"line":48,"column":0},"end":{"line":48,"column":null}},"9":{"start":{"line":50,"column":31},"end":{"line":64,"column":null}},"10":{"start":{"line":54,"column":2},"end":{"line":63,"column":null}},"11":{"start":{"line":65,"column":0},"end":{"line":66,"column":null}},"12":{"start":{"line":68,"column":22},"end":{"line":97,"column":null}},"13":{"start":{"line":72,"column":2},"end":{"line":96,"column":null}},"14":{"start":{"line":98,"column":0},"end":{"line":98,"column":null}},"15":{"start":{"line":100,"column":20},"end":{"line":109,"column":null}},"16":{"start":{"line":104,"column":2},"end":{"line":108,"column":null}},"17":{"start":{"line":110,"column":0},"end":{"line":110,"column":null}},"18":{"start":{"line":112,"column":19},"end":{"line":131,"column":null}},"19":{"start":{"line":116,"column":2},"end":{"line":130,"column":null}},"20":{"start":{"line":132,"column":0},"end":{"line":132,"column":null}},"21":{"start":{"line":134,"column":24},"end":{"line":143,"column":null}},"22":{"start":{"line":138,"column":2},"end":{"line":142,"column":null}},"23":{"start":{"line":144,"column":0},"end":{"line":144,"column":null}}},"fnMap":{"0":{"name":"(anonymous_0)","decl":{"start":{"line":16,"column":2},"end":{"line":16,"column":3}},"loc":{"start":{"line":17,"column":2},"end":{"line":29,"column":null}},"line":17},"1":{"name":"(anonymous_1)","decl":{"start":{"line":36,"column":2},"end":{"line":36,"column":3}},"loc":{"start":{"line":37,"column":2},"end":{"line":46,"column":null}},"line":37},"2":{"name":"(anonymous_2)","decl":{"start":{"line":53,"column":2},"end":{"line":53,"column":3}},"loc":{"start":{"line":54,"column":2},"end":{"line":63,"column":null}},"line":54},"3":{"name":"(anonymous_3)","decl":{"start":{"line":71,"column":2},"end":{"line":71,"column":3}},"loc":{"start":{"line":72,"column":2},"end":{"line":96,"column":null}},"line":72},"4":{"name":"(anonymous_4)","decl":{"start":{"line":103,"column":2},"end":{"line":103,"column":3}},"loc":{"start":{"line":104,"column":2},"end":{"line":108,"column":null}},"line":104},"5":{"name":"(anonymous_5)","decl":{"start":{"line":115,"column":2},"end":{"line":115,"column":3}},"loc":{"start":{"line":116,"column":2},"end":{"line":130,"column":null}},"line":116},"6":{"name":"(anonymous_6)","decl":{"start":{"line":137,"column":2},"end":{"line":137,"column":3}},"loc":{"start":{"line":138,"column":2},"end":{"line":142,"column":null}},"line":138}},"branchMap":{"0":{"loc":{"start":{"line":71,"column":26},"end":{"line":71,"column":47}},"type":"default-arg","locations":[{"start":{"line":71,"column":37},"end":{"line":71,"column":47}}],"line":71},"1":{"loc":{"start":{"line":77,"column":8},"end":{"line":78,"column":null}},"type":"binary-expr","locations":[{"start":{"line":77,"column":8},"end":{"line":77,"column":null}},{"start":{"line":78,"column":10},"end":{"line":78,"column":null}}],"line":77},"2":{"loc":{"start":{"line":88,"column":10},"end":{"line":89,"column":null}},"type":"binary-expr","locations":[{"start":{"line":88,"column":10},"end":{"line":88,"column":null}},{"start":{"line":89,"column":12},"end":{"line":89,"column":null}}],"line":88}},"s":{"0":9,"1":9,"2":9,"3":9,"4":533,"5":9,"6":9,"7":549,"8":9,"9":9,"10":549,"11":9,"12":9,"13":533,"14":9,"15":9,"16":0,"17":9,"18":9,"19":2267,"20":9,"21":9,"22":0,"23":9},"f":{"0":533,"1":549,"2":549,"3":533,"4":0,"5":2267,"6":0},"b":{"0":[533],"1":[533,533],"2":[533,533]},"meta":{"lastBranch":3,"lastFunction":7,"lastStatement":24,"seen":{"s:7:15:7:Infinity":0,"s:9:20:9:Infinity":1,"s:11:20:11:Infinity":2,"s:13:22:30:Infinity":3,"f:16:2:16:3":0,"s:17:2:29:Infinity":4,"s:31:0:31:Infinity":5,"s:33:29:47:Infinity":6,"f:36:2:36:3":1,"s:37:2:46:Infinity":7,"s:48:0:48:Infinity":8,"s:50:31:64:Infinity":9,"f:53:2:53:3":2,"s:54:2:63:Infinity":10,"s:65:0:66:Infinity":11,"s:68:22:97:Infinity":12,"f:71:2:71:3":3,"s:72:2:96:Infinity":13,"b:71:37:71:47":0,"b:77:8:77:Infinity:78:10:78:Infinity":1,"b:88:10:88:Infinity:89:12:89:Infinity":2,"s:98:0:98:Infinity":14,"s:100:20:109:Infinity":15,"f:103:2:103:3":4,"s:104:2:108:Infinity":16,"s:110:0:110:Infinity":17,"s:112:19:131:Infinity":18,"f:115:2:115:3":5,"s:116:2:130:Infinity":19,"s:132:0:132:Infinity":20,"s:134:24:143:Infinity":21,"f:137:2:137:3":6,"s:138:2:142:Infinity":22,"s:144:0:144:Infinity":23}}}
,"/home/enunez/Projects/e2i_causal_analytics/frontend/src/components/ui/separator.tsx": {"path":"/home/enunez/Projects/e2i_causal_analytics/frontend/src/components/ui/separator.tsx","statementMap":{"0":{"start":{"line":6,"column":18},"end":{"line":26,"column":null}},"1":{"start":{"line":14,"column":4},"end":{"line":24,"column":null}},"2":{"start":{"line":27,"column":0},"end":{"line":27,"column":null}}},"fnMap":{"0":{"name":"(anonymous_0)","decl":{"start":{"line":10,"column":2},"end":{"line":10,"column":null}},"loc":{"start":{"line":14,"column":4},"end":{"line":24,"column":null}},"line":14}},"branchMap":{"0":{"loc":{"start":{"line":11,"column":17},"end":{"line":11,"column":45}},"type":"default-arg","locations":[{"start":{"line":11,"column":31},"end":{"line":11,"column":45}}],"line":11},"1":{"loc":{"start":{"line":11,"column":45},"end":{"line":11,"column":64}},"type":"default-arg","locations":[{"start":{"line":11,"column":58},"end":{"line":11,"column":64}}],"line":11},"2":{"loc":{"start":{"line":20,"column":8},"end":{"line":20,"column":null}},"type":"cond-expr","locations":[{"start":{"line":20,"column":39},"end":{"line":20,"column":58}},{"start":{"line":20,"column":58},"end":{"line":20,"column":null}}],"line":20}},"s":{"0":8,"1":113,"2":8},"f":{"0":113},"b":{"0":[113],"1":[113],"2":[113,0]},"meta":{"lastBranch":3,"lastFunction":1,"lastStatement":3,"seen":{"s:6:18:26:Infinity":0,"f:10:2:10:Infinity":0,"s:14:4:24:Infinity":1,"b:11:31:11:45":0,"b:11:58:11:64":1,"b:20:39:20:58:20:58:20:Infinity":2,"s:27:0:27:Infinity":2}}}
,"/home/enunez/Projects/e2i_causal_analytics/frontend/src/components/ui/slider.tsx": {"path":"/home/enunez/Projects/e2i_causal_analytics/frontend/src/components/ui/slider.tsx","statementMap":{"0":{"start":{"line":6,"column":15},"end":{"line":23,"column":null}},"1":{"start":{"line":10,"column":2},"end":{"line":22,"column":null}},"2":{"start":{"line":24,"column":0},"end":{"line":24,"column":null}}},"fnMap":{"0":{"name":"(anonymous_0)","decl":{"start":{"line":9,"column":2},"end":{"line":9,"column":3}},"loc":{"start":{"line":10,"column":2},"end":{"line":22,"column":null}},"line":10}},"branchMap":{},"s":{"0":2,"1":168,"2":2},"f":{"0":168},"b":{},"meta":{"lastBranch":0,"lastFunction":1,"lastStatement":3,"seen":{"s:6:15:23:Infinity":0,"f:9:2:9:3":0,"s:10:2:22:Infinity":1,"s:24:0:24:Infinity":2}}}
,"/home/enunez/Projects/e2i_causal_analytics/frontend/src/components/ui/table.tsx": {"path":"/home/enunez/Projects/e2i_causal_analytics/frontend/src/components/ui/table.tsx","statementMap":{"0":{"start":{"line":5,"column":14},"end":{"line":16,"column":null}},"1":{"start":{"line":9,"column":2},"end":{"line":15,"column":null}},"2":{"start":{"line":17,"column":0},"end":{"line":17,"column":null}},"3":{"start":{"line":19,"column":20},"end":{"line":24,"column":null}},"4":{"start":{"line":23,"column":2},"end":{"line":23,"column":null}},"5":{"start":{"line":25,"column":0},"end":{"line":25,"column":null}},"6":{"start":{"line":27,"column":18},"end":{"line":36,"column":null}},"7":{"start":{"line":31,"column":2},"end":{"line":35,"column":null}},"8":{"start":{"line":37,"column":0},"end":{"line":37,"column":null}},"9":{"start":{"line":39,"column":20},"end":{"line":51,"column":null}},"10":{"start":{"line":43,"column":2},"end":{"line":50,"column":null}},"11":{"start":{"line":52,"column":0},"end":{"line":52,"column":null}},"12":{"start":{"line":54,"column":17},"end":{"line":66,"column":null}},"13":{"start":{"line":58,"column":2},"end":{"line":65,"column":null}},"14":{"start":{"line":67,"column":0},"end":{"line":67,"column":null}},"15":{"start":{"line":69,"column":18},"end":{"line":81,"column":null}},"16":{"start":{"line":73,"column":2},"end":{"line":80,"column":null}},"17":{"start":{"line":82,"column":0},"end":{"line":82,"column":null}},"18":{"start":{"line":84,"column":18},"end":{"line":96,"column":null}},"19":{"start":{"line":88,"column":2},"end":{"line":95,"column":null}},"20":{"start":{"line":97,"column":0},"end":{"line":97,"column":null}},"21":{"start":{"line":99,"column":21},"end":{"line":108,"column":null}},"22":{"start":{"line":103,"column":2},"end":{"line":107,"column":null}},"23":{"start":{"line":109,"column":0},"end":{"line":109,"column":null}}},"fnMap":{"0":{"name":"(anonymous_0)","decl":{"start":{"line":8,"column":2},"end":{"line":8,"column":3}},"loc":{"start":{"line":9,"column":2},"end":{"line":15,"column":null}},"line":9},"1":{"name":"(anonymous_1)","decl":{"start":{"line":22,"column":2},"end":{"line":22,"column":3}},"loc":{"start":{"line":23,"column":2},"end":{"line":23,"column":null}},"line":23},"2":{"name":"(anonymous_2)","decl":{"start":{"line":30,"column":2},"end":{"line":30,"column":3}},"loc":{"start":{"line":31,"column":2},"end":{"line":35,"column":null}},"line":31},"3":{"name":"(anonymous_3)","decl":{"start":{"line":42,"column":2},"end":{"line":42,"column":3}},"loc":{"start":{"line":43,"column":2},"end":{"line":50,"column":null}},"line":43},"4":{"name":"(anonymous_4)","decl":{"start":{"line":57,"column":2},"end":{"line":57,"column":3}},"loc":{"start":{"line":58,"column":2},"end":{"line":65,"column":null}},"line":58},"5":{"name":"(anonymous_5)","decl":{"start":{"line":72,"column":2},"end":{"line":72,"column":3}},"loc":{"start":{"line":73,"column":2},"end":{"line":80,"column":null}},"line":73},"6":{"name":"(anonymous_6)","decl":{"start":{"line":87,"column":2},"end":{"line":87,"column":3}},"loc":{"start":{"line":88,"column":2},"end":{"line":95,"column":null}},"line":88},"7":{"name":"(anonymous_7)","decl":{"start":{"line":102,"column":2},"end":{"line":102,"column":3}},"loc":{"start":{"line":103,"column":2},"end":{"line":107,"column":null}},"line":103}},"branchMap":{},"s":{"0":7,"1":59,"2":7,"3":7,"4":59,"5":7,"6":7,"7":59,"8":7,"9":7,"10":0,"11":7,"12":7,"13":254,"14":7,"15":7,"16":412,"17":7,"18":7,"19":1362,"20":7,"21":7,"22":0,"23":7},"f":{"0":59,"1":59,"2":59,"3":0,"4":254,"5":412,"6":1362,"7":0},"b":{},"meta":{"lastBranch":0,"lastFunction":8,"lastStatement":24,"seen":{"s:5:14:16:Infinity":0,"f:8:2:8:3":0,"s:9:2:15:Infinity":1,"s:17:0:17:Infinity":2,"s:19:20:24:Infinity":3,"f:22:2:22:3":1,"s:23:2:23:Infinity":4,"s:25:0:25:Infinity":5,"s:27:18:36:Infinity":6,"f:30:2:30:3":2,"s:31:2:35:Infinity":7,"s:37:0:37:Infinity":8,"s:39:20:51:Infinity":9,"f:42:2:42:3":3,"s:43:2:50:Infinity":10,"s:52:0:52:Infinity":11,"s:54:17:66:Infinity":12,"f:57:2:57:3":4,"s:58:2:65:Infinity":13,"s:67:0:67:Infinity":14,"s:69:18:81:Infinity":15,"f:72:2:72:3":5,"s:73:2:80:Infinity":16,"s:82:0:82:Infinity":17,"s:84:18:96:Infinity":18,"f:87:2:87:3":6,"s:88:2:95:Infinity":19,"s:97:0:97:Infinity":20,"s:99:21:108:Infinity":21,"f:102:2:102:3":7,"s:103:2:107:Infinity":22,"s:109:0:109:Infinity":23}}}
,"/home/enunez/Projects/e2i_causal_analytics/frontend/src/components/ui/tabs.tsx": {"path":"/home/enunez/Projects/e2i_causal_analytics/frontend/src/components/ui/tabs.tsx","statementMap":{"0":{"start":{"line":6,"column":13},"end":{"line":6,"column":null}},"1":{"start":{"line":8,"column":17},"end":{"line":20,"column":null}},"2":{"start":{"line":12,"column":2},"end":{"line":19,"column":null}},"3":{"start":{"line":21,"column":0},"end":{"line":21,"column":null}},"4":{"start":{"line":23,"column":20},"end":{"line":35,"column":null}},"5":{"start":{"line":27,"column":2},"end":{"line":34,"column":null}},"6":{"start":{"line":36,"column":0},"end":{"line":36,"column":null}},"7":{"start":{"line":38,"column":20},"end":{"line":50,"column":null}},"8":{"start":{"line":42,"column":2},"end":{"line":49,"column":null}},"9":{"start":{"line":51,"column":0},"end":{"line":51,"column":null}}},"fnMap":{"0":{"name":"(anonymous_0)","decl":{"start":{"line":11,"column":2},"end":{"line":11,"column":3}},"loc":{"start":{"line":12,"column":2},"end":{"line":19,"column":null}},"line":12},"1":{"name":"(anonymous_1)","decl":{"start":{"line":26,"column":2},"end":{"line":26,"column":3}},"loc":{"start":{"line":27,"column":2},"end":{"line":34,"column":null}},"line":27},"2":{"name":"(anonymous_2)","decl":{"start":{"line":41,"column":2},"end":{"line":41,"column":3}},"loc":{"start":{"line":42,"column":2},"end":{"line":49,"column":null}},"line":42}},"branchMap":{},"s":{"0":7,"1":7,"2":222,"3":7,"4":7,"5":901,"6":7,"7":7,"8":901,"9":7},"f":{"0":222,"1":901,"2":901},"b":{},"meta":{"lastBranch":0,"lastFunction":3,"lastStatement":10,"seen":{"s:6:13:6:Infinity":0,"s:8:17:20:Infinity":1,"f:11:2:11:3":0,"s:12:2:19:Infinity":2,"s:21:0:21:Infinity":3,"s:23:20:35:Infinity":4,"f:26:2:26:3":1,"s:27:2:34:Infinity":5,"s:36:0:36:Infinity":6,"s:38:20:50:Infinity":7,"f:41:2:41:3":2,"s:42:2:49:Infinity":8,"s:51:0:51:Infinity":9}}}
[...]
{"start":{"line":974,"column":86},"end":{"line":974,"column":null}}],"line":974},"24":{"loc":{"start":{"line":975,"column":27},"end":{"line":975,"column":null}},"type":"cond-expr","locations":[{"start":{"line":975,"column":51},"end":{"line":975,"column":57}},{"start":{"line":975,"column":57},"end":{"line":975,"column":null}}],"line":975}},"s":{"0":1,"1":1,"2":1,"3":1,"4":1,"5":1,"6":90,"7":90,"8":90,"9":90,"10":90,"11":90,"12":90,"13":90,"14":90,"15":90,"16":3,"17":3,"18":3,"19":90,"20":1,"21":1,"22":1,"23":90,"24":1,"25":1,"26":1,"27":1,"28":1,"29":1,"30":1,"31":30,"32":30,"33":30,"34":30,"35":30,"36":1,"37":1,"38":1,"39":1,"40":1,"41":1,"42":90,"43":90,"44":90,"45":90,"46":90,"47":90,"48":90,"49":90,"50":1,"51":1,"52":1,"53":1,"54":1,"55":1,"56":44,"57":44,"58":88,"59":22,"60":22,"61":44,"62":0,"63":11,"64":11,"65":11,"66":11,"67":11,"68":11,"69":11,"70":990,"71":11,"72":330,"73":11,"74":11,"75":11,"76":990,"77":11,"78":11,"79":11,"80":11,"81":990,"82":11,"83":11,"84":11,"85":11,"86":11,"87":0,"88":0,"89":0,"90":11,"91":1,"92":1,"93":1,"94":1,"95":1,"96":1,"97":1,"98":1,"99":11,"100":0,"101":0,"102":0,"103":0,"104":11,"105":44,"106":0,"107":0,"108":0,"109":0,"110":0,"111":0,"112":0,"113":0,"114":0,"115":0,"116":0,"117":0,"118":44,"119":330,"120":330,"121":330,"122":330,"123":330,"124":330,"125":330,"126":330,"127":330},"f":{"0":1,"1":1,"2":1,"3":44,"4":88,"5":11,"6":11,"7":990,"8":330,"9":11,"10":990,"11":990,"12":0,"13":0,"14":1,"15":0,"16":44,"17":0,"18":0,"19":0,"20":0,"21":0,"22":0,"23":0,"24":0,"25":44,"26":330,"27":330,"28":330,"29":330,"30":330,"31":330,"32":330,"33":330,"34":330},"b":{"0":[25,65],"1":[90,77],"2":[3,87],"3":[90,89,88],"4":[1,89],"5":[22,22,44,0],"6":[0,0],"7":[0,0,0],"8":[0,0],"9":[0,0],"10":[0,0],"11":[0,0],"12":[11,0],"13":[11,0],"14":[11,0],"15":[11,0],"16":[11,0],"17":[11,0],"18":[11,0],"19":[11,11],"20":[11,11],"21":[0,0],"22":[0,0],"23":[33,11],"24":[33,11]},"meta":{"lastBranch":25,"lastFunction":35,"lastStatement":128,"seen":{"s:105:32:110:Infinity":0,"s:113:31:157:Infinity":1,"f:113:31:113:60":0,"s:114:38:114:Infinity":2,"s:115:20:115:Infinity":3,"s:117:2:154:Infinity":4,"s:117:15:117:18":5,"s:118:17:118:Infinity":6,"s:119:4:119:Infinity":7,"s:122:18:122:Infinity":8,"s:125:22:125:Infinity":9,"s:126:21:126:Infinity":10,"b:126:58:126:64:126:64:126:Infinity":0,"b:126:21:126:40:126:40:126:58":1,"s:129:10:129:Infinity":11,"s:132:16:132:Infinity":12,"s:135:20:135:Infinity":13,"s:136:23:136:Infinity":14,"b:137:4:141:Infinity:undefined:undefined:undefined:undefined":2,"s:137:4:141:Infinity":15,"b:137:8:137:20:137:20:137:32:137:32:137:42":3,"s:138:6:138:Infinity":16,"s:139:6:139:Infinity":17,"s:140:6:140:Infinity":18,"b:142:4:146:Infinity:undefined:undefined:undefined:undefined":4,"s:142:4:146:Infinity":19,"s:143:6:143:Infinity":20,"s:144:6:144:Infinity":21,"s:145:6:145:Infinity":22,"s:148:4:153:Infinity":23,"s:156:2:156:Infinity":24,"s:160:29:183:Infinity":25,"f:160:29:160:30":1,"s:161:19:161:Infinity":26,"s:162:20:162:Infinity":27,"s:163:46:163:Infinity":28,"s:165:2:180:Infinity":29,"s:165:15:165:18":30,"s:166:17:166:Infinity":31,"s:167:4:167:Infinity":32,"s:170:21:170:Infinity":33,"s:171:24:171:Infinity":34,"s:173:4:179:Infinity":35,"s:182:2:182:Infinity":36,"s:186:32:210:Infinity":37,"f:186:32:186:62":2,"s:187:39:187:Infinity":38,"s:188:20:188:Infinity":39,"s:190:2:207:Infinity":40,"s:190:15:190:18":41,"s:191:17:191:Infinity":42,"s:192:4:192:Infinity":43,"s:194:18:194:Infinity":44,"s:195:22:195:Infinity":45,"s:196:21:196:Infinity":46,"s:197:10:197:Infinity":47,"s:198:21:198:Infinity":48,"s:200:4:206:Infinity":49,"s:209:2:209:Infinity":50,"s:212:27:212:Infinity":51,"s:213:24:213:Infinity":52,"s:214:27:214:Infinity":53,"s:216:49:221:Infinity":54,"s:223:41:264:Infinity":55,"f:270:9:270:20":3,"s:271:15:271:Infinity":56,"s:272:2:272:Infinity":57,"f:275:9:275:26":4,"b:277:4:278:Infinity:279:4:280:Infinity:281:4:282:Infinity:283:4:284:Infinity":5,"s:276:2:285:Infinity":58,"s:278:6:278:Infinity":59,"s:280:6:280:Infinity":60,"s:282:6:282:Infinity":61,"s:284:6:284:Infinity":62,"f:292:9:292:22":5,"s:293:42:293:Infinity":63,"s:294:32:294:Infinity":64,"s:295:44:295:Infinity":65,"s:296:38:296:Infinity":66,"s:297:58:297:Infinity":67,"s:300:8:310:Infinity":68,"f:300:31:300:37":6,"s:301:23:304:Infinity":69,"f:301:46:301:47":7,"s:301:54:304:6":70,"s:305:21:308:Infinity":71,"f:305:41:305:42":8,"s:305:49:308:6":72,"s:309:4:309:Infinity":73,"s:313:8:332:Infinity":74,"f:313:33:313:39":9,"s:314:19:314:Infinity":75,"f:314:42:314:43":10,"s:314:49:314:56":76,"s:315:22:315:Infinity":77,"s:316:22:316:Infinity":78,"s:317:10:317:Infinity":79,"s:318:16:318:Infinity":80,"f:318:30:318:31":11,"s:318:40:318:47":81,"s:319:16:319:Infinity":82,"s:320:16:320:Infinity":83,"s:321:25:321:Infinity":84,"s:323:4:331:Infinity":85,"s:334:24:337:Infinity":86,"f:334:24:334:30":12,"s:335:4:335:Infinity":87,"s:336:4:336:Infinity":88,"f:336:15:336:21":13,"s:336:21:336:45":89,"s:339:23:354:Infinity":90,"f:339:23:339:29":14,"s:340:23:346:Infinity":91,"s:347:17:347:Infinity":92,"s:348:16:348:Infinity":93,"s:349:14:349:Infinity":94,"s:350:4:350:Infinity":95,"s:351:4:351:Infinity":96,"s:352:4:352:Infinity":97,"s:353:4:353:Infinity":98,"s:357:26:397:Infinity":99,"f:357:26:357:27":15,"b:358:4:358:Infinity:undefined:undefined:undefined:undefined":6,"s:358:4:358:Infinity":100,"b:358:8:358:19:358:19:358:31:358:31:358:48":7,"s:358:48:358:Infinity":101,"s:360:22:360:Infinity":102,"s:362:4:395:Infinity":103,"b:365:22:365:31:365:31:365:33":8,"b:368:10:380:Infinity:382:10:393:Infinity":9,"b:374:13:374:Infinity:375:14:378:Infinity":10,"b:388:13:388:Infinity:389:14:391:Infinity":11,"s:399:2:1161:Infinity":104,"f:415:27:415:28":16,"s:416:16:418:Infinity":105,"b:435:48:435:64:435:64:435:78":12,"b:449:45:449:52:449:52:449:Infinity":13,"b:450:53:450:59:450:59:450:61":14,"b:476:52:476:64:476:64:476:Infinity":15,"b:483:56:483:68:483:68:483:Infinity":16,"b:490:53:490:65:490:65:490:Infinity":17,"b:540:54:540:66:540:66:540:Infinity":18,"f:542:29:542:35":17,"s:542:35:542:Infinity":106,"b:564:19:564:Infinity:565:20:573:Infinity":19,"b:575:19:575:Infinity:576:20:584:Infinity":20,"f:613:27:613:28":18,"b:614:22:625:Infinity:undefined:undefined:undefined:undefined":21,"s:614:22:625:Infinity":107,"s:615:24:623:Infinity":108,"s:626:22:626:Infinity":109,"f:720:33:720:34":19,"s:720:52:720:Infinity":110,"f:749:33:749:34":20,"s:749:52:749:Infinity":111,"f:779:33:779:34":21,"s:779:52:779:Infinity":112,"f:806:33:806:34":22,"s:806:52:806:Infinity":113,"f:891:31:891:32":23,"s:891:50:891:Infinity":114,"f:905:27:905:28":24,"b:906:22:926:Infinity:undefined:undefined:undefined:undefined":22,"s:906:22:926:Infinity":115,"s:907:24:924:Infinity":116,"s:927:22:927:Infinity":117,"f:946:38:946:39":25,"s:947:18:983:Infinity":118,"b:974:65:974:86:974:86:974:Infinity":23,"b:975:51:975:57:975:57:975:Infinity":24,"f:1015:62:1015:63":26,"s:1015:73:1018:22":119,"f:1027:63:1027:64":27,"s:1027:74:1030:22":120,"f:1040:63:1040:64":28,"s:1040:74:1043:22":121,"f:1071:63:1071:64":29,"s:1071:73:1071:86":122,"f:1079:32:1079:33":30,"s:1079:42:1079:55":123,"f:1105:64:1105:65":31,"s:1105:74:1105:87":124,"f:1113:32:1113:33":32,"s:1113:42:1113:55":125,"f:1139:64:1139:65":33,"s:1139:74:1139:87":126,"f:1147:32:1147:33":34,"s:1147:42:1147:55":127}}}
,"/home/enunez/Projects/e2i_causal_analytics/frontend/src/providers/E2ICopilotProvider.tsx": {"path":"/home/enunez/Projects/e2i_causal_analytics/frontend/src/providers/E2ICopilotProvider.tsx","statementMap":{"0":{"start":{"line":78,"column":26},"end":{"line":78,"column":null}},"1":{"start":{"line":81,"column":18},"end":{"line":81,"column":null}},"2":{"start":{"line":82,"column":2},"end":{"line":84,"column":null}},"3":{"start":{"line":83,"column":4},"end":{"line":83,"column":null}},"4":{"start":{"line":85,"column":2},"end":{"line":85,"column":null}},"5":{"start":{"line":92,"column":36},"end":{"line":100,"column":null}},"6":{"start":{"line":102,"column":45},"end":{"line":107,"column":null}},"7":{"start":{"line":109,"column":35},"end":{"line":135,"column":null}},"8":{"start":{"line":142,"column":30},"end":{"line":142,"column":null}},"9":{"start":{"line":148,"column":2},"end":{"line":148,"column":null}},"10":{"start":{"line":157,"column":32},"end":{"line":157,"column":null}},"11":{"start":{"line":158,"column":19},"end":{"line":158,"column":null}},"12":{"start":{"line":159,"column":40},"end":{"line":159,"column":null}},"13":{"start":{"line":160,"column":50},"end":{"line":160,"column":null}},"14":{"start":{"line":161,"column":34},"end":{"line":161,"column":null}},"15":{"start":{"line":163,"column":47},"end":{"line":173,"column":null}},"16":{"start":{"line":175,"column":2},"end":{"line":178,"column":null}},"17":{"start":{"line":187,"column":8},"end":{"line":187,"column":null}},"18":{"start":{"line":188,"column":8},"end":{"line":188,"column":null}},"19":{"start":{"line":189,"column":115},"end":{"line":189,"column":null}},"20":{"start":{"line":192,"column":2},"end":{"line":195,"column":null}},"21":{"start":{"line":198,"column":2},"end":{"line":216,"column":null}},"22":{"start":{"line":219,"column":2},"end":{"line":222,"column":null}},"23":{"start":{"line":225,"column":2},"end":{"line":228,"column":null}},"24":{"start":{"line":231,"column":2},"end":{"line":246,"column":null}},"25":{"start":{"line":243,"column":6},"end":{"line":243,"column":null}},"26":{"start":{"line":244,"column":6},"end":{"line":244,"column":null}},"27":{"start":{"line":249,"column":2},"end":{"line":268,"column":null}},"28":{"start":{"line":261,"column":26},"end":{"line":261,"column":null}},"29":{"start":{"line":262,"column":6},"end":{"line":265,"column":null}},"30":{"start":{"line":263,"column":8},"end":{"line":263,"column":null}},"31":{"start":{"line":263,"column":30},"end":{"line":263,"column":79}},"32":{"start":{"line":264,"column":8},"end":{"line":264,"column":null}},"33":{"start":{"line":266,"column":6},"end":{"line":266,"column":null}},"34":{"start":{"line":271,"column":2},"end":{"line":295,"column":null}},"35":{"start":{"line":289,"column":6},"end":{"line":292,"column":null}},"36":{"start":{"line":289,"column":28},"end":{"line":292,"column":8}},"37":{"start":{"line":293,"column":6},"end":{"line":293,"column":null}},"38":{"start":{"line":298,"column":2},"end":{"line":313,"column":null}},"39":{"start":{"line":310,"column":6},"end":{"line":310,"column":null}},"40":{"start":{"line":311,"column":6},"end":{"line":311,"column":null}},"41":{"start":{"line":316,"column":2},"end":{"line":335,"column":null}},"42":{"start":{"line":328,"column":26},"end":{"line":328,"column":null}},"43":{"start":{"line":329,"column":6},"end":{"line":332,"column":null}},"44":{"start":{"line":330,"column":8},"end":{"line":330,"column":null}},"45":{"start":{"line":330,"column":34},"end":{"line":330,"column":100}},"46":{"start":{"line":331,"column":8},"end":{"line":331,"column":null}},"47":{"start":{"line":333,"column":6},"end":{"line":333,"column":null}},"48":{"start":{"line":338,"column":2},"end":{"line":354,"column":null}},"49":{"start":{"line":350,"column":23},"end":{"line":350,"column":null}},"50":{"start":{"line":351,"column":6},"end":{"line":351,"column":null}},"51":{"start":{"line":352,"column":6},"end":{"line":352,"column":null}},"52":{"start":{"line":356,"column":2},"end":{"line":356,"column":null}},"53":{"start":{"line":364,"column":25},"end":{"line":364,"column":null}},"54":{"start":{"line":366,"column":2},"end":{"line":373,"column":null}},"55":{"start":{"line":406,"column":2},"end":{"line":412,"column":null}},"56":{"start":{"line":407,"column":4},"end":{"line":410,"column":null}},"57":{"start":{"line":414,"column":2},"end":{"line":423,"column":null}},"58":{"start":{"line":447,"column":2},"end":{"line":450,"column":null}}},"fnMap":{"0":{"name":"useE2ICopilot","decl":{"start":{"line":80,"column":16},"end":{"line":80,"column":32}},"loc":{"start":{"line":80,"column":32},"end":{"line":86,"column":null}},"line":80},"1":{"name":"useCopilotEnabled","decl":{"start":{"line":147,"column":16},"end":{"line":147,"column":45}},"loc":{"start":{"line":147,"column":45},"end":{"line":149,"column":null}},"line":147},"2":{"name":"E2IBaseContextProvider","decl":{"start":{"line":155,"column":9},"end":{"line":155,"column":32}},"loc":{"start":{"line":155,"column":77},"end":{"line":180,"column":null}},"line":155},"3":{"name":"CopilotHooksConnector","decl":{"start":{"line":186,"column":9},"end":{"line":186,"column":31}},"loc":{"start":{"line":186,"column":76},"end":{"line":357,"column":null}},"line":186},"4":{"name":"(anonymous_4)","decl":{"start":{"line":242,"column":13},"end":{"line":242,"column":14}},"loc":{"start":{"line":242,"column":45},"end":{"line":245,"column":null}},"line":242},"5":{"name":"(anonymous_5)","decl":{"start":{"line":260,"column":13},"end":{"line":260,"column":14}},"loc":{"start":{"line":260,"column":47},"end":{"line":267,"column":null}},"line":260},"6":{"name":"(anonymous_6)","decl":{"start":{"line":263,"column":19},"end":{"line":263,"column":20}},"loc":{"start":{"line":263,"column":30},"end":{"line":263,"column":79}},"line":263},"7":{"name":"(anonymous_7)","decl":{"start":{"line":288,"column":13},"end":{"line":288,"column":14}},"loc":{"start":{"line":288,"column":81},"end":{"line":294,"column":null}},"line":288},"8":{"name":"(anonymous_8)","decl":{"start":{"line":289,"column":17},"end":{"line":289,"column":18}},"loc":{"start":{"line":289,"column":28},"end":{"line":292,"column":8}},"line":289},"9":{"name":"(anonymous_9)","decl":{"start":{"line":309,"column":13},"end":{"line":309,"column":14}},"loc":{"start":{"line":309,"column":53},"end":{"line":312,"column":null}},"line":309},"10":{"name":"(anonymous_10)","decl":{"start":{"line":327,"column":13},"end":{"line":327,"column":14}},"loc":{"start":{"line":327,"column":47},"end":{"line":334,"column":null}},"line":327},"11":{"name":"(anonymous_11)","decl":{"start":{"line":330,"column":23},"end":{"line":330,"column":24}},"loc":{"start":{"line":330,"column":34},"end":{"line":330,"column":100}},"line":330},"12":{"name":"(anonymous_12)","decl":{"start":{"line":349,"column":13},"end":{"line":349,"column":14}},"loc":{"start":{"line":349,"column":47},"end":{"line":353,"column":null}},"line":349},"13":{"name":"E2ICopilotContextProvider","decl":{"start":{"line":363,"column":9},"end":{"line":363,"column":35}},"loc":{"start":{"line":363,"column":80},"end":{"line":375,"column":null}},"line":363},"14":{"name":"CopilotKitWrapper","decl":{"start":{"line":400,"column":16},"end":{"line":400,"column":34}},"loc":{"start":{"line":404,"column":27},"end":{"line":425,"column":null}},"line":404},"15":{"name":"E2ICopilotProvider","decl":{"start":{"line":442,"column":16},"end":{"line":442,"column":35}},"loc":{"start":{"line":446,"column":48},"end":{"line":452,"column":null}},"line":446}},"branchMap":{"0":{"loc":{"start":{"line":82,"column":2},"end":{"line":84,"column":null}},"type":"if","locations":[{"start":{"line":82,"column":2},"end":{"line":84,"column":null}},{"start":{},"end":{}}],"line":82},"1":{"loc":{"start":{"line":262,"column":6},"end":{"line":265,"column":null}},"type":"if","locations":[{"start":{"line":262,"column":6},"end":{"line":265,"column":null}},{"start":{},"end":{}}],"line":262},"2":{"loc":{"start":{"line":329,"column":6},"end":{"line":332,"column":null}},"type":"if","locations":[{"start":{"line":329,"column":6},"end":{"line":332,"column":null}},{"start":{},"end":{}}],"line":329},"3":{"loc":{"start":{"line":350,"column":23},"end":{"line":350,"column":null}},"type":"cond-expr","locations":[{"start":{"line":350,"column":44},"end":{"line":350,"column":51}},{"start":{"line":350,"column":51},"end":{"line":350,"column":null}}],"line":350},"4":{"loc":{"start":{"line":352,"column":13},"end":{"line":352,"column":null}},"type":"cond-expr","locations":[{"start":{"line":352,"column":24},"end":{"line":352,"column":40}},{"start":{"line":352,"column":40},"end":{"line":352,"column":null}}],"line":352},"5":{"loc":{"start":{"line":368,"column":7},"end":{"line":371,"column":null}},"type":"cond-expr","locations":[{"start":{"line":369,"column":8},"end":{"line":369,"column":null}},{"start":{"line":371,"column":8},"end":{"line":371,"column":null}}],"line":368},"6":{"loc":{"start":{"line":402,"column":2},"end":{"line":402,"column":null}},"type":"default-arg","locations":[{"start":{"line":402,"column":15},"end":{"line":402,"column":null}}],"line":402},"7":{"loc":{"start":{"line":403,"column":2},"end":{"line":403,"column":null}},"type":"default-arg","locations":[{"start":{"line":403,"column":12},"end":{"line":403,"column":null}}],"line":403},"8":{"loc":{"start":{"line":406,"column":2},"end":{"line":412,"column":null}},"type":"if","locations":[{"start":{"line":406,"column":2},"end":{"line":412,"column":null}},{"start":{},"end":{}}],"line":406},"9":{"loc":{"start":{"line":445,"column":2},"end":{"line":445,"column":null}},"type":"default-arg","locations":[{"start":{"line":445,"column":13},"end":{"line":445,"column":null}}],"line":445}},"s":{"0":4,"1":128,"2":128,"3":56,"4":72,"5":4,"6":4,"7":4,"8":4,"9":56,"10":46,"11":46,"12":46,"13":46,"14":46,"15":46,"16":46,"17":26,"18":26,"19":26,"20":26,"21":26,"22":26,"23":26,"24":26,"25":1,"26":1,"27":26,"28":3,"29":3,"30":2,"31":2,"32":2,"33":1,"34":26,"35":1,"36":1,"37":1,"38":26,"39":2,"40":2,"41":26,"42":4,"43":4,"44":3,"45":3,"46":3,"47":1,"48":26,"49":3,"50":3,"51":3,"52":26,"53":32,"54":32,"55":39,"56":19,"57":20,"58":32},"f":{"0":128,"1":56,"2":46,"3":26,"4":1,"5":3,"6":2,"7":1,"8":1,"9":2,"10":4,"11":3,"12":3,"13":32,"14":39,"15":32},"b":{"0":[56,72],"1":[2,1],"2":[3,1],"3":[2,1],"4":[2,1],"5":[16,16],"6":[39],"7":[39],"8":[19,20],"9":[32]},"meta":{"lastBranch":10,"lastFunction":16,"lastStatement":59,"seen":{"s:78:26:78:Infinity":0,"f:80:16:80:32":0,"s:81:18:81:Infinity":1,"b:82:2:84:Infinity:undefined:undefined:undefined:undefined":0,"s:82:2:84:Infinity":2,"s:83:4:83:Infinity":3,"s:85:2:85:Infinity":4,"s:92:36:100:Infinity":5,"s:102:45:107:Infinity":6,"s:109:35:135:Infinity":7,"s:142:30:142:Infinity":8,"f:147:16:147:45":1,"s:148:2:148:Infinity":9,"f:155:9:155:32":2,"s:157:32:157:Infinity":10,"s:158:19:158:Infinity":11,"s:159:40:159:Infinity":12,"s:160:50:160:Infinity":13,"s:161:34:161:Infinity":14,"s:163:47:173:Infinity":15,"s:175:2:178:Infinity":16,"f:186:9:186:31":3,"s:187:8:187:Infinity":17,"s:188:8:188:Infinity":18,"s:189:115:189:Infinity":19,"s:192:2:195:Infinity":20,"s:198:2:216:Infinity":21,"s:219:2:222:Infinity":22,"s:225:2:228:Infinity":23,"s:231:2:246:Infinity":24,"f:242:13:242:14":4,"s:243:6:243:Infinity":25,"s:244:6:244:Infinity":26,"s:249:2:268:Infinity":27,"f:260:13:260:14":5,"s:261:26:261:Infinity":28,"b:262:6:265:Infinity:undefined:undefined:undefined:undefined":1,"s:262:6:265:Infinity":29,"s:263:8:263:Infinity":30,"f:263:19:263:20":6,"s:263:30:263:79":31,"s:264:8:264:Infinity":32,"s:266:6:266:Infinity":33,"s:271:2:295:Infinity":34,"f:288:13:288:14":7,"s:289:6:292:Infinity":35,"f:289:17:289:18":8,"s:289:28:292:8":36,"s:293:6:293:Infinity":37,"s:298:2:313:Infinity":38,"f:309:13:309:14":9,"s:310:6:310:Infinity":39,"s:311:6:311:Infinity":40,"s:316:2:335:Infinity":41,"f:327:13:327:14":10,"s:328:26:328:Infinity":42,"b:329:6:332:Infinity:undefined:undefined:undefined:undefined":2,"s:329:6:332:Infinity":43,"s:330:8:330:Infinity":44,"f:330:23:330:24":11,"s:330:34:330:100":45,"s:331:8:331:Infinity":46,"s:333:6:333:Infinity":47,"s:338:2:354:Infinity":48,"f:349:13:349:14":12,"s:350:23:350:Infinity":49,"b:350:44:350:51:350:51:350:Infinity":3,"s:351:6:351:Infinity":50,"s:352:6:352:Infinity":51,"b:352:24:352:40:352:40:352:Infinity":4,"s:356:2:356:Infinity":52,"f:363:9:363:35":13,"s:364:25:364:Infinity":53,"s:366:2:373:Infinity":54,"b:369:8:369:Infinity:371:8:371:Infinity":5,"f:400:16:400:34":14,"b:402:15:402:Infinity":6,"b:403:12:403:Infinity":7,"b:406:2:412:Infinity:undefined:undefined:undefined:undefined":8,"s:406:2:412:Infinity":55,"s:407:4:410:Infinity":56,"s:414:2:423:Infinity":57,"f:442:16:442:35":15,"b:445:13:445:Infinity":9,"s:447:2:450:Infinity":58}}}
}
